SF:lib/components/action_bar.dart
DA:11,1
DA:15,0
DA:27,1
DA:30,2
DA:32,1
DA:33,1
DA:34,1
DA:35,1
DA:36,1
DA:40,1
DA:42,1
DA:44,1
DA:51,0
DA:53,0
DA:54,0
DA:56,0
DA:61,1
DA:65,1
DA:69,1
DA:70,1
DA:73,0
DA:75,0
LF:22
LH:15
end_of_record
SF:lib/styles/components/action_bar_theme.dart
DA:11,0
DA:15,0
DA:17,0
DA:22,0
DA:23,0
DA:24,0
DA:26,0
DA:35,0
DA:37,0
DA:38,0
DA:41,0
DA:43,0
DA:45,0
DA:47,0
DA:50,0
DA:52,0
DA:53,0
DA:58,22
DA:72,22
DA:73,22
DA:76,22
DA:79,22
DA:80,22
DA:83,22
DA:89,22
DA:117,0
DA:131,0
DA:132,0
DA:133,0
DA:134,0
DA:135,0
DA:136,0
DA:137,0
DA:138,0
DA:139,0
DA:140,0
DA:141,0
DA:142,0
DA:143,0
DA:147,0
DA:151,0
DA:152,0
DA:153,0
DA:154,0
DA:155,0
DA:156,0
DA:157,0
DA:158,0
DA:159,0
DA:160,0
DA:161,0
DA:162,0
DA:163,0
DA:167,0
DA:169,0
DA:170,0
DA:171,0
DA:172,0
DA:173,0
DA:174,0
DA:175,0
DA:176,0
DA:177,0
DA:178,0
DA:179,0
DA:181,0
DA:183,0
DA:187,0
DA:189,0
DA:190,0
DA:191,0
DA:192,0
DA:193,0
DA:194,0
DA:195,0
DA:196,0
DA:197,0
DA:198,0
DA:199,0
DA:200,0
DA:201,0
DA:204,0
DA:207,0
DA:212,0
DA:215,0
DA:216,0
DA:217,0
DA:218,0
DA:219,0
DA:220,0
DA:221,0
DA:222,0
DA:223,0
DA:224,0
DA:225,0
DA:226,0
DA:227,0
DA:230,0
DA:232,0
DA:233,0
DA:236,0
DA:237,0
DA:239,0
DA:241,0
DA:242,0
DA:243,0
DA:244,0
DA:245,0
DA:247,0
DA:248,0
DA:250,0
DA:252,0
DA:254,0
DA:255,0
DA:257,0
DA:258,0
DA:260,0
LF:117
LH:8
end_of_record
SF:lib/styles/theme.dart
DA:30,0
DA:34,0
DA:40,88
DA:42,66
DA:44,22
DA:46,22
DA:48,22
DA:51,0
DA:53,0
DA:55,0
DA:61,0
DA:65,0
DA:69,0
DA:71,0
DA:74,0
DA:76,0
DA:81,22
DA:105,22
DA:106,22
DA:107,22
DA:108,22
DA:109,22
DA:110,22
DA:111,22
DA:112,22
DA:113,22
DA:114,22
DA:115,22
DA:116,22
DA:117,22
DA:118,22
DA:119,22
DA:120,22
DA:121,22
DA:122,22
DA:123,22
DA:124,22
DA:125,22
DA:126,22
DA:127,22
DA:131,22
DA:156,44
DA:224,0
DA:225,0
DA:227,0
DA:228,0
DA:229,0
DA:230,0
DA:232,0
DA:233,0
DA:235,0
DA:236,0
DA:237,0
DA:239,0
DA:241,0
DA:242,0
DA:243,0
DA:245,0
DA:246,0
DA:247,0
DA:249,0
DA:251,0
DA:253,0
DA:255,0
DA:257,0
DA:258,0
DA:260,0
DA:264,0
DA:266,0
DA:267,0
DA:270,0
DA:272,0
DA:276,0
DA:281,0
DA:282,0
DA:284,0
DA:285,0
DA:289,0
DA:296,0
DA:302,0
DA:303,0
DA:309,0
DA:311,0
DA:312,0
DA:313,0
DA:314,0
DA:315,0
DA:319,0
DA:321,0
DA:322,0
DA:323,0
DA:327,0
DA:329,0
DA:330,0
LF:94
LH:31
end_of_record
SF:lib/components/action_bar_button.dart
DA:16,1
DA:32,0
DA:76,1
DA:78,1
DA:82,0
DA:83,0
DA:84,0
DA:85,0
DA:86,0
DA:89,0
DA:91,0
DA:92,0
DA:93,0
DA:97,0
DA:98,0
DA:99,0
DA:100,0
DA:102,0
DA:105,0
DA:109,0
DA:110,0
DA:111,0
DA:112,0
DA:113,0
DA:114,0
DA:115,0
DA:116,0
DA:117,0
DA:118,0
DA:119,0
DA:120,0
DA:121,0
DA:122,0
DA:123,0
DA:126,0
DA:127,0
DA:128,0
DA:131,0
DA:139,1
DA:141,3
DA:142,3
DA:143,3
DA:144,3
DA:146,3
DA:147,3
DA:148,1
DA:149,2
DA:150,1
DA:151,2
DA:153,1
LF:50
LH:15
end_of_record
SF:lib/mixins/route_mixins.dart
DA:33,29
DA:38,4
DA:49,4
DA:50,8
DA:54,0
DA:56,0
DA:57,0
DA:58,0
DA:59,0
DA:63,0
DA:64,0
DA:65,0
DA:66,0
DA:73,1
DA:75,3
DA:76,3
DA:77,1
DA:78,2
DA:79,1
LF:19
LH:10
end_of_record
SF:lib/styles/var.dart
DA:5,0
DA:396,0
DA:839,0
DA:927,0
DA:969,0
DA:979,0
DA:1336,0
DA:1779,0
DA:1867,0
DA:1909,0
LF:10
LH:0
end_of_record
SF:lib/utils/widget.dart
DA:7,2
DA:8,6
DA:9,2
DA:14,66
DA:18,51
LF:5
LH:5
end_of_record
SF:lib/components/button.dart
DA:19,3
DA:48,2
DA:130,2
DA:132,4
DA:134,2
DA:135,2
DA:137,2
DA:138,2
DA:140,2
DA:141,5
DA:144,2
DA:145,2
DA:148,4
DA:151,6
DA:153,2
DA:155,2
DA:157,2
DA:158,2
DA:159,2
DA:161,4
DA:164,2
DA:165,2
DA:167,2
DA:168,2
DA:169,2
DA:170,2
DA:172,2
DA:173,2
DA:174,4
DA:175,2
DA:176,2
DA:177,2
DA:178,2
DA:179,4
DA:181,2
DA:183,2
DA:184,2
DA:185,2
DA:187,2
DA:198,2
DA:201,2
DA:202,2
DA:203,2
DA:210,2
DA:214,2
DA:215,1
DA:216,1
DA:217,2
DA:218,1
DA:219,2
DA:223,4
DA:224,1
DA:225,1
DA:226,1
DA:227,1
DA:228,1
DA:234,2
DA:235,2
DA:236,10
DA:240,1
DA:241,1
DA:242,1
DA:243,0
DA:245,1
DA:247,1
DA:248,1
DA:249,0
DA:251,1
DA:256,6
DA:257,0
DA:264,2
DA:273,2
DA:279,2
DA:280,1
DA:284,2
DA:290,2
DA:291,2
DA:292,4
DA:297,2
DA:298,2
DA:299,2
DA:300,2
DA:305,4
DA:308,2
DA:309,2
DA:310,2
DA:311,0
DA:312,0
DA:313,0
DA:317,2
DA:318,2
DA:319,2
DA:320,2
DA:321,2
DA:324,0
DA:325,0
DA:326,0
DA:327,0
DA:328,0
DA:331,0
DA:332,0
DA:333,0
DA:334,0
DA:335,0
DA:341,2
DA:342,2
DA:343,2
DA:344,0
DA:346,0
DA:347,0
DA:348,0
DA:350,2
DA:351,0
DA:353,0
DA:354,0
DA:355,0
DA:357,2
DA:358,1
DA:360,1
DA:361,1
DA:362,1
DA:364,1
DA:365,0
DA:367,0
DA:368,0
DA:369,0
DA:371,1
DA:372,1
DA:374,1
DA:375,1
DA:376,1
DA:381,0
DA:383,0
DA:384,0
DA:385,0
DA:386,0
DA:388,0
DA:390,0
DA:392,0
DA:394,0
DA:395,0
DA:396,0
DA:397,0
DA:398,0
DA:399,0
DA:400,0
DA:401,0
DA:403,0
DA:405,0
DA:406,0
DA:407,0
DA:409,0
DA:410,0
DA:416,2
DA:420,2
DA:429,2
DA:433,2
DA:441,25
DA:450,25
DA:458,25
LF:160
LH:110
end_of_record
SF:lib/components/action_bar_icon.dart
DA:17,1
DA:31,0
DA:68,1
DA:71,2
DA:73,1
DA:75,1
DA:76,1
DA:77,1
DA:78,1
DA:80,1
DA:81,1
DA:82,1
DA:83,1
DA:85,0
DA:88,0
DA:89,0
DA:90,0
DA:91,0
DA:97,1
DA:98,1
DA:99,1
DA:100,2
DA:102,1
DA:104,1
DA:105,1
DA:106,2
DA:107,1
DA:109,1
DA:110,1
DA:111,1
DA:114,1
DA:125,1
DA:126,1
DA:127,1
DA:128,1
DA:129,1
DA:130,1
DA:134,1
DA:135,1
DA:136,1
DA:137,1
DA:138,1
DA:139,1
DA:144,0
DA:146,0
DA:147,0
DA:148,0
DA:149,0
DA:150,0
DA:151,0
DA:153,0
LF:51
LH:37
end_of_record
SF:lib/components/common/active_response.dart
DA:7,9
DA:14,9
DA:23,9
DA:24,9
DA:30,7
DA:31,21
DA:34,9
DA:36,9
DA:37,18
DA:38,20
DA:39,4
DA:40,9
DA:41,18
DA:42,9
DA:43,18
DA:44,14
DA:45,0
DA:46,14
DA:47,54
DA:53,9
DA:54,18
LF:21
LH:20
end_of_record
SF:lib/components/badge.dart
DA:14,12
DA:24,11
DA:54,12
DA:56,24
DA:58,12
DA:59,12
DA:61,12
DA:62,12
DA:63,12
DA:64,24
DA:65,36
DA:66,12
DA:68,12
DA:71,12
DA:75,2
DA:76,10
DA:77,2
DA:82,12
DA:83,12
DA:86,31
DA:90,4
DA:91,8
DA:92,4
DA:93,1
DA:94,1
DA:95,1
DA:96,1
DA:98,1
DA:102,4
DA:103,4
DA:104,4
DA:105,0
DA:108,4
DA:116,3
DA:117,3
DA:118,3
DA:119,3
DA:121,3
DA:122,3
DA:123,6
DA:124,3
DA:126,3
DA:128,3
DA:129,6
DA:132,3
DA:137,4
DA:138,4
DA:139,4
DA:140,4
DA:143,4
DA:144,4
DA:145,8
DA:146,4
DA:148,4
DA:154,4
DA:159,12
DA:160,24
DA:161,4
DA:162,4
DA:164,4
DA:165,4
DA:166,4
DA:167,4
DA:169,4
DA:171,11
DA:177,0
DA:180,0
DA:181,0
DA:182,0
DA:183,0
DA:184,0
DA:186,0
DA:187,0
DA:188,0
LF:74
LH:64
end_of_record
SF:lib/components/icon.dart
DA:13,32
DA:22,7
DA:24,2
DA:33,1
DA:35,1
DA:44,0
DA:71,9
DA:73,9
DA:74,9
DA:75,9
DA:76,9
DA:79,9
DA:80,2
DA:81,2
DA:90,9
DA:91,9
DA:92,10
DA:94,9
DA:95,8
DA:96,8
DA:97,11
DA:102,2
DA:103,3
DA:106,1
DA:107,2
DA:109,1
DA:113,0
DA:114,0
DA:116,0
DA:121,0
DA:123,0
DA:124,0
DA:125,0
DA:126,0
DA:127,0
DA:128,0
DA:129,0
LF:37
LH:25
end_of_record
SF:lib/components/action_sheet.dart
DA:16,0
DA:47,0
DA:139,0
DA:141,0
DA:142,0
DA:143,0
DA:144,0
DA:147,0
DA:148,0
DA:149,0
DA:150,0
DA:151,0
DA:152,0
DA:153,0
DA:154,0
DA:155,0
DA:156,0
DA:157,0
DA:158,0
DA:162,0
DA:163,0
DA:164,0
DA:165,0
DA:166,0
DA:167,0
DA:169,0
DA:171,0
DA:175,0
DA:176,0
DA:177,0
DA:181,0
DA:188,0
DA:189,0
DA:190,0
DA:191,0
DA:192,0
DA:196,0
DA:197,0
DA:206,0
DA:207,0
DA:210,0
DA:211,0
DA:212,0
DA:213,0
DA:217,0
DA:224,0
DA:225,0
DA:226,0
DA:227,0
DA:231,0
DA:232,0
DA:233,0
DA:235,0
DA:240,0
DA:243,0
DA:245,0
DA:251,0
DA:252,0
DA:254,0
DA:255,0
DA:257,0
DA:258,0
DA:268,0
DA:271,0
DA:272,0
DA:273,0
DA:274,0
DA:275,0
DA:279,0
DA:280,0
DA:283,0
DA:284,0
DA:287,0
DA:288,0
DA:295,0
DA:296,0
DA:297,0
DA:303,0
DA:310,0
DA:317,0
DA:318,0
DA:319,0
DA:320,0
DA:322,0
DA:325,0
DA:327,0
DA:328,0
DA:330,0
DA:331,0
DA:335,0
DA:338,0
DA:339,0
DA:340,0
DA:343,0
DA:344,0
DA:346,0
DA:348,0
DA:349,0
DA:350,0
DA:352,0
DA:353,0
DA:355,0
DA:357,0
DA:359,0
DA:364,0
DA:366,0
DA:367,0
DA:369,0
DA:370,0
DA:372,0
DA:373,0
DA:376,0
DA:381,0
DA:388,0
DA:396,0
DA:398,0
DA:405,0
DA:406,0
DA:409,0
DA:410,0
DA:413,0
DA:414,0
DA:416,0
DA:418,0
DA:420,0
DA:422,0
DA:424,0
DA:425,0
DA:427,0
DA:430,0
DA:431,0
DA:432,0
DA:433,0
DA:434,0
DA:435,0
DA:441,0
DA:443,0
DA:446,0
DA:451,0
DA:454,0
DA:465,0
DA:499,0
DA:504,0
DA:515,0
DA:516,0
DA:522,0
DA:523,0
DA:526,0
DA:527,0
DA:530,0
DA:532,0
DA:534,0
DA:535,0
DA:536,0
DA:537,0
DA:538,0
DA:539,0
DA:541,0
DA:542,0
DA:546,0
DA:547,0
DA:548,0
DA:550,0
LF:163
LH:0
end_of_record
SF:lib/components/loading.dart
DA:18,77
DA:27,1
DA:54,2
DA:56,4
DA:58,2
DA:59,2
DA:60,3
DA:61,3
DA:62,4
DA:63,0
DA:64,0
DA:65,0
DA:67,5
DA:71,2
DA:72,0
DA:76,0
DA:78,0
DA:79,0
DA:83,2
DA:87,2
DA:89,2
DA:90,2
DA:94,2
DA:95,2
DA:96,1
DA:97,1
DA:98,2
DA:99,1
DA:101,1
DA:102,1
DA:103,2
DA:104,3
DA:106,1
DA:112,0
DA:114,0
DA:115,0
DA:117,0
DA:118,0
DA:119,0
DA:120,0
DA:121,0
DA:122,0
DA:127,2
DA:130,2
DA:134,2
DA:135,2
DA:144,2
DA:146,4
DA:152,2
DA:153,2
DA:157,6
DA:158,2
DA:159,2
DA:162,2
DA:163,2
DA:166,2
DA:168,6
DA:169,2
DA:170,4
DA:173,2
DA:174,6
DA:177,2
DA:179,4
DA:180,2
DA:183,2
DA:185,4
DA:187,2
DA:190,2
DA:192,4
DA:194,2
DA:195,2
DA:196,2
DA:197,2
DA:198,2
DA:199,4
DA:200,4
DA:201,4
DA:210,2
DA:214,2
DA:215,2
DA:216,2
DA:217,2
DA:218,2
DA:219,2
DA:227,2
DA:230,4
DA:231,4
DA:233,2
DA:234,2
DA:235,10
DA:236,6
DA:238,2
DA:239,8
DA:241,2
DA:245,0
DA:247,0
DA:249,0
DA:254,0
DA:258,0
DA:263,0
DA:264,0
DA:272,0
DA:274,0
DA:276,0
DA:280,0
DA:282,0
DA:283,0
DA:286,0
DA:288,0
DA:290,0
DA:293,0
DA:295,0
DA:296,0
DA:297,0
DA:299,0
DA:300,0
DA:306,0
DA:308,0
DA:315,0
DA:317,0
DA:318,0
DA:319,0
DA:320,0
DA:321,0
DA:326,0
DA:328,0
DA:329,0
DA:330,0
DA:331,0
DA:332,0
DA:334,0
DA:335,0
DA:336,0
DA:337,0
DA:338,0
DA:343,0
DA:346,0
DA:351,25
LF:138
LH:79
end_of_record
SF:lib/components/popup.dart
DA:18,25
DA:27,0
DA:59,0
DA:61,0
DA:156,0
DA:157,0
DA:164,0
DA:166,0
DA:167,0
DA:168,0
DA:172,0
DA:174,0
DA:175,0
DA:177,0
DA:178,0
DA:182,0
DA:185,0
DA:190,0
DA:191,0
DA:197,0
DA:200,0
DA:201,0
DA:202,0
DA:206,0
DA:207,0
DA:209,0
DA:211,0
DA:213,0
DA:215,0
DA:220,0
DA:221,0
DA:222,0
DA:225,0
DA:228,0
DA:229,0
DA:230,0
DA:231,0
DA:232,0
DA:234,0
DA:238,0
DA:239,0
DA:242,0
DA:244,0
DA:245,0
DA:248,0
DA:249,0
DA:250,0
DA:251,0
DA:256,0
DA:260,0
DA:261,0
DA:262,0
DA:263,0
DA:265,0
DA:267,0
DA:269,0
DA:270,0
DA:271,0
DA:272,0
DA:273,0
DA:275,0
DA:276,0
DA:279,0
DA:280,0
DA:281,0
DA:285,0
DA:289,0
DA:295,0
DA:296,0
DA:297,0
DA:303,0
DA:304,0
DA:305,0
DA:306,0
DA:309,0
DA:312,0
DA:313,0
DA:314,0
DA:317,0
DA:320,0
DA:321,0
DA:322,0
DA:325,0
DA:328,0
DA:329,0
DA:330,0
DA:333,0
DA:336,0
DA:337,0
DA:344,0
DA:345,0
DA:346,0
DA:347,0
DA:348,0
DA:350,0
DA:351,0
DA:352,0
DA:354,0
DA:355,0
DA:357,0
DA:358,0
DA:359,0
DA:360,0
DA:361,0
DA:364,0
DA:365,0
DA:366,0
DA:367,0
DA:370,0
DA:371,0
DA:373,0
DA:375,0
DA:376,0
DA:377,0
DA:379,0
DA:380,0
DA:390,0
DA:391,0
DA:392,0
DA:393,0
DA:394,0
DA:397,0
DA:398,0
DA:399,0
DA:404,0
DA:405,0
DA:410,0
DA:411,0
DA:416,0
DA:417,0
DA:425,0
DA:427,0
DA:428,0
DA:429,0
DA:431,0
DA:432,0
DA:434,0
DA:435,0
DA:436,0
DA:438,0
DA:439,0
DA:444,0
DA:445,0
DA:447,0
DA:448,0
DA:450,0
DA:452,0
DA:453,0
DA:456,0
DA:457,0
DA:458,0
DA:460,0
DA:461,0
DA:462,0
DA:463,0
DA:465,0
DA:466,0
DA:468,0
DA:473,0
DA:496,0
DA:500,0
DA:501,0
DA:508,0
DA:510,0
DA:511,0
DA:512,0
DA:515,0
DA:517,0
DA:519,0
DA:520,0
DA:521,0
DA:527,0
DA:529,0
DA:530,0
DA:533,0
DA:535,0
DA:536,0
DA:539,0
DA:542,0
DA:543,0
DA:545,0
DA:546,0
DA:548,0
DA:551,0
DA:552,0
DA:555,0
DA:556,0
DA:559,0
DA:560,0
DA:563,0
DA:564,0
DA:567,0
DA:568,0
DA:571,0
DA:572,0
DA:577,0
DA:580,0
DA:581,0
DA:587,0
DA:590,0
DA:595,0
DA:599,0
DA:603,0
DA:604,0
DA:607,0
DA:609,0
DA:614,25
DA:623,25
DA:632,0
DA:637,0
DA:648,0
DA:649,0
DA:655,0
DA:656,0
DA:657,0
DA:661,0
DA:662,0
DA:663,0
DA:667,0
DA:669,0
DA:671,0
DA:672,0
DA:673,0
DA:674,0
DA:675,0
DA:677,0
DA:680,0
DA:682,0
DA:683,0
DA:685,0
DA:686,0
DA:687,0
DA:688,0
DA:689,0
DA:700,0
DA:703,0
DA:708,0
DA:711,0
DA:718,0
DA:721,0
DA:743,0
DA:746,0
DA:747,0
DA:762,0
DA:764,0
DA:765,0
DA:770,0
DA:779,0
DA:780,0
DA:781,0
DA:782,0
DA:783,0
DA:931,0
DA:940,0
DA:942,0
DA:943,0
DA:944,0
DA:947,0
DA:949,0
DA:950,0
DA:951,0
DA:953,0
DA:956,0
DA:958,0
DA:959,0
DA:960,0
DA:962,0
DA:1023,0
DA:1129,0
DA:1160,0
DA:1162,0
DA:1163,0
DA:1166,0
DA:1167,0
DA:1169,0
DA:1170,0
DA:1171,0
DA:1172,0
DA:1173,0
DA:1177,0
DA:1179,0
DA:1180,0
DA:1183,0
DA:1184,0
DA:1208,0
DA:1209,0
DA:1210,0
DA:1212,0
DA:1213,0
DA:1217,0
DA:1280,0
DA:1281,0
DA:1283,0
DA:1293,0
DA:1294,0
DA:1296,0
DA:1316,0
DA:1318,0
DA:1321,0
DA:1323,0
DA:1324,0
DA:1327,0
DA:1329,0
DA:1330,0
DA:1331,0
DA:1332,0
DA:1335,0
DA:1337,0
DA:1338,0
DA:1339,0
DA:1340,0
DA:1351,0
DA:1362,0
DA:1364,0
DA:1366,0
DA:1367,0
DA:1368,0
DA:1369,0
DA:1371,0
DA:1372,0
DA:1374,0
DA:1376,0
DA:1379,0
DA:1381,0
DA:1382,0
DA:1385,0
DA:1387,0
DA:1389,0
DA:1390,0
DA:1393,0
DA:1394,0
DA:1395,0
DA:1399,0
DA:1400,0
DA:1403,0
DA:1408,0
DA:1410,0
DA:1415,0
DA:1416,0
DA:1426,0
DA:1428,0
DA:1430,0
DA:1431,0
DA:1446,0
DA:1448,0
DA:1453,0
DA:1455,0
DA:1463,0
DA:1482,0
DA:1496,0
DA:1498,0
DA:1502,0
DA:1508,0
DA:1509,0
DA:1515,0
DA:1522,0
DA:1523,0
DA:1524,0
DA:1525,0
DA:1526,0
DA:1527,0
DA:1528,0
DA:1531,0
DA:1532,0
DA:1539,0
DA:1540,0
DA:1541,0
DA:1542,0
DA:1543,0
DA:1548,0
DA:1550,0
DA:1551,0
DA:1552,0
DA:1555,0
DA:1556,0
DA:1557,0
DA:1558,0
DA:1561,0
DA:1566,0
DA:1567,0
DA:1573,0
DA:1575,0
DA:1576,0
DA:1577,0
DA:1578,0
DA:1579,0
DA:1580,0
DA:1581,0
DA:1582,0
DA:1583,0
DA:1584,0
DA:1588,0
DA:1590,0
DA:1591,0
DA:1592,0
DA:1593,0
DA:1594,0
DA:1595,0
DA:1598,0
DA:1600,0
DA:1601,0
DA:1602,0
DA:1603,0
DA:1604,0
DA:1605,0
DA:1608,0
DA:1610,0
DA:1611,0
DA:1612,0
DA:1613,0
DA:1614,0
DA:1615,0
DA:1616,0
DA:1619,0
DA:1621,0
DA:1622,0
DA:1623,0
DA:1624,0
DA:1625,0
DA:1626,0
DA:1627,0
DA:1630,0
DA:1632,0
DA:1633,0
DA:1634,0
DA:1635,0
DA:1636,0
DA:1637,0
DA:1640,0
DA:1642,0
DA:1643,0
DA:1644,0
DA:1645,0
DA:1646,0
DA:1647,0
DA:1657,0
DA:1662,0
DA:1663,0
DA:1665,0
DA:1666,0
DA:1667,0
DA:1668,0
DA:1670,0
DA:1671,0
DA:1673,0
DA:1674,0
DA:1675,0
DA:1676,0
DA:1677,0
DA:1690,0
DA:1692,0
DA:1693,0
DA:1697,0
DA:1698,0
DA:1699,0
DA:1700,0
DA:1703,0
DA:1704,0
DA:1709,0
DA:1710,0
DA:1711,0
DA:1713,0
DA:1714,0
DA:1717,0
DA:1718,0
DA:1719,0
DA:1722,0
DA:1723,0
DA:1724,0
DA:1725,0
DA:1726,0
DA:1730,0
DA:1733,0
DA:1736,0
DA:1741,0
DA:1745,0
DA:1747,0
DA:1750,0
DA:1751,0
DA:1752,0
DA:1753,0
DA:1754,0
DA:1784,0
DA:1809,0
DA:1811,0
DA:1813,0
DA:1814,0
DA:1815,0
DA:1816,0
DA:1817,0
DA:1821,0
DA:1823,0
DA:1825,0
DA:1831,0
DA:1833,0
DA:1839,0
DA:1840,0
DA:1843,0
DA:1845,0
DA:1846,0
DA:1847,0
DA:1859,0
DA:1862,0
DA:1864,0
DA:1866,0
DA:1867,0
DA:1868,0
DA:1869,0
DA:1874,0
DA:1876,0
DA:1877,0
DA:1882,0
DA:1888,0
DA:1894,0
DA:1896,0
DA:1897,0
DA:1898,0
DA:1901,0
DA:1903,0
DA:1904,0
DA:1905,0
DA:1906,0
DA:1911,0
DA:1914,0
DA:1918,0
DA:1919,0
DA:1937,0
DA:1939,0
DA:1940,0
DA:1941,0
DA:1942,0
DA:1943,0
DA:1945,0
DA:1946,0
DA:1947,0
DA:1951,0
DA:1953,0
DA:1954,0
DA:1955,0
DA:1956,0
DA:1960,0
DA:1962,0
DA:1963,0
DA:1966,0
DA:1967,0
DA:1968,0
DA:1972,0
DA:1974,0
DA:1975,0
DA:1978,0
DA:1979,0
DA:1980,0
DA:1985,0
DA:1986,0
DA:1987,0
DA:1989,0
DA:1992,0
DA:1994,0
DA:1995,0
DA:1996,0
DA:1997,0
DA:1998,0
DA:1999,0
DA:2003,0
DA:2004,0
DA:2006,0
DA:2007,0
DA:2008,0
DA:2010,0
DA:2011,0
DA:2012,0
DA:2013,0
DA:2014,0
DA:2015,0
DA:2016,0
DA:2017,0
DA:2019,0
DA:2020,0
DA:2021,0
DA:2022,0
DA:2023,0
DA:2024,0
DA:2025,0
DA:2026,0
DA:2027,0
DA:2028,0
DA:2029,0
DA:2030,0
DA:2032,0
DA:2033,0
DA:2038,0
DA:2039,0
DA:2040,0
DA:2041,0
DA:2043,0
DA:2045,0
DA:2046,0
DA:2048,0
DA:2057,0
DA:2058,0
DA:2059,0
DA:2060,0
DA:2061,0
DA:2063,0
DA:2064,0
DA:2086,0
DA:2090,0
DA:2092,0
DA:2093,0
DA:2096,0
DA:2098,0
DA:2120,0
DA:2126,0
DA:2163,0
DA:2165,0
DA:2166,0
DA:2167,0
DA:2169,0
DA:2170,0
DA:2171,0
DA:2172,0
DA:2173,0
DA:2176,0
DA:2177,0
DA:2182,0
DA:2184,0
DA:2185,0
DA:2186,0
DA:2190,0
DA:2191,0
DA:2193,0
DA:2195,0
DA:2197,0
DA:2198,0
DA:2200,0
DA:2205,0
DA:2207,0
DA:2208,0
DA:2209,0
DA:2210,0
DA:2212,0
DA:2215,0
DA:2217,0
DA:2219,0
DA:2220,0
DA:2249,0
DA:2255,0
DA:2263,0
DA:2291,0
DA:2293,0
DA:2294,0
DA:2295,0
DA:2296,0
DA:2297,0
DA:2307,0
DA:2308,0
DA:2312,0
DA:2315,0
DA:2318,0
DA:2321,0
DA:2327,0
DA:2330,0
DA:2331,0
DA:2335,0
DA:2342,0
DA:2347,0
DA:2351,0
DA:2353,0
DA:2359,0
DA:2363,0
DA:2364,0
DA:2366,0
DA:2368,0
DA:2375,0
DA:2379,0
DA:2389,0
DA:2392,0
DA:2394,0
DA:2397,0
DA:2400,0
DA:2401,0
LF:681
LH:3
end_of_record
SF:lib/components/style.dart
DA:10,250
DA:12,0
DA:19,0
DA:28,0
DA:29,0
DA:30,0
DA:36,0
DA:38,0
DA:39,0
DA:42,0
DA:48,0
DA:50,0
DA:51,0
DA:54,0
DA:60,0
DA:62,0
DA:63,0
DA:66,0
DA:72,0
DA:74,0
DA:75,0
DA:78,0
DA:89,0
DA:97,0
DA:100,0
DA:108,0
DA:111,0
DA:119,0
DA:122,0
DA:130,0
DA:133,0
DA:141,0
DA:144,0
DA:152,0
DA:170,0
DA:171,0
DA:179,0
DA:180,0
DA:183,0
DA:185,0
DA:187,0
DA:189,0
DA:190,0
DA:191,0
DA:192,0
DA:193,0
DA:196,0
DA:199,0
DA:201,0
DA:203,0
DA:204,0
DA:205,0
DA:206,0
DA:208,0
DA:211,0
DA:213,0
DA:214,0
DA:215,0
DA:216,0
DA:217,0
DA:221,0
DA:222,0
DA:225,0
DA:228,0
DA:230,0
DA:231,0
DA:232,0
DA:234,0
DA:237,0
DA:238,0
DA:239,0
DA:240,0
DA:242,0
DA:243,0
DA:246,0
DA:247,0
DA:248,0
DA:253,0
DA:255,0
DA:256,0
DA:258,0
DA:259,0
DA:260,0
LF:83
LH:1
end_of_record
SF:lib/components/address_list.dart
DA:14,0
DA:34,0
DA:86,0
DA:88,0
DA:90,0
DA:91,0
DA:92,0
DA:94,0
DA:95,0
DA:106,0
DA:108,0
DA:109,0
DA:110,0
DA:111,0
DA:112,0
DA:116,0
DA:117,0
DA:122,0
DA:124,0
DA:125,0
DA:126,0
DA:127,0
DA:130,0
DA:131,0
DA:132,0
DA:134,0
DA:136,0
DA:139,0
DA:140,0
DA:141,0
DA:144,0
DA:146,0
DA:148,0
DA:152,0
DA:158,0
DA:160,0
DA:161,0
DA:162,0
DA:163,0
DA:165,0
DA:170,0
DA:171,0
DA:178,0
DA:179,0
DA:181,0
DA:185,0
DA:186,0
DA:187,0
DA:188,0
DA:189,0
DA:190,0
DA:199,0
DA:201,0
DA:202,0
DA:204,0
DA:206,0
DA:208,0
DA:209,0
DA:211,0
DA:212,0
DA:214,0
DA:217,0
DA:222,0
DA:233,0
DA:267,0
DA:269,0
DA:270,0
DA:271,0
DA:279,0
DA:280,0
DA:281,0
DA:285,0
DA:286,0
DA:288,0
DA:289,0
DA:291,0
DA:298,0
DA:299,0
DA:300,0
DA:301,0
DA:304,0
DA:305,0
DA:309,0
DA:310,0
DA:313,0
DA:317,0
DA:318,0
DA:319,0
DA:322,0
DA:323,0
DA:330,0
DA:331,0
DA:332,0
DA:334,0
DA:335,0
DA:337,0
DA:340,0
DA:347,0
DA:348,0
DA:350,0
DA:351,0
DA:352,0
DA:353,0
DA:354,0
DA:355,0
DA:357,0
DA:360,0
DA:366,0
DA:367,0
DA:368,0
DA:369,0
DA:380,0
DA:381,0
DA:382,0
DA:383,0
DA:384,0
DA:388,0
DA:389,0
DA:401,0
DA:403,0
DA:404,0
DA:405,0
DA:407,0
DA:410,0
DA:412,0
DA:418,0
DA:426,0
DA:427,0
DA:428,0
DA:429,0
DA:430,0
DA:431,0
DA:432,0
DA:451,0
DA:453,0
LF:135
LH:0
end_of_record
SF:lib/styles/components/badge_theme.dart
DA:14,0
DA:18,0
DA:20,0
DA:25,0
DA:26,0
DA:27,0
DA:29,0
DA:38,0
DA:40,0
DA:41,0
DA:44,0
DA:45,0
DA:47,0
DA:49,0
DA:52,0
DA:54,0
DA:55,0
DA:60,22
DA:72,22
DA:73,22
DA:76,44
DA:77,22
DA:79,22
DA:82,22
DA:87,22
DA:111,0
DA:123,0
DA:124,0
DA:125,0
DA:126,0
DA:127,0
DA:128,0
DA:129,0
DA:130,0
DA:131,0
DA:132,0
DA:133,0
DA:137,0
DA:141,0
DA:142,0
DA:143,0
DA:144,0
DA:145,0
DA:146,0
DA:147,0
DA:148,0
DA:149,0
DA:150,0
DA:151,0
DA:155,0
DA:157,0
DA:158,0
DA:159,0
DA:160,0
DA:161,0
DA:162,0
DA:163,0
DA:164,0
DA:165,0
DA:166,0
DA:167,0
DA:171,0
DA:173,0
DA:174,0
DA:175,0
DA:176,0
DA:177,0
DA:178,0
DA:179,0
DA:180,0
DA:181,0
DA:182,0
DA:183,0
DA:186,0
DA:189,0
DA:194,0
DA:197,0
DA:198,0
DA:199,0
DA:200,0
DA:201,0
DA:202,0
DA:203,0
DA:204,0
DA:205,0
DA:206,0
DA:207,0
DA:210,0
DA:213,0
DA:215,0
DA:216,0
DA:218,0
DA:219,0
DA:220,0
DA:222,0
DA:224,0
DA:225,0
DA:227,0
DA:228,0
DA:229,0
DA:230,0
DA:231,0
DA:233,0
LF:103
LH:8
end_of_record
SF:lib/styles/components/button_theme.dart
DA:14,0
DA:18,0
DA:20,0
DA:25,0
DA:26,0
DA:27,0
DA:29,0
DA:38,0
DA:40,0
DA:41,0
DA:44,0
DA:45,0
DA:47,0
DA:49,0
DA:52,0
DA:54,0
DA:55,0
DA:60,22
DA:96,22
DA:97,22
DA:99,44
DA:100,22
DA:101,22
DA:103,44
DA:104,22
DA:106,44
DA:107,22
DA:108,22
DA:109,22
DA:111,22
DA:127,22
DA:128,22
DA:129,22
DA:132,44
DA:133,22
DA:137,22
DA:209,0
DA:245,0
DA:246,0
DA:247,0
DA:248,0
DA:249,0
DA:250,0
DA:251,0
DA:252,0
DA:253,0
DA:254,0
DA:255,0
DA:256,0
DA:257,0
DA:258,0
DA:260,0
DA:261,0
DA:262,0
DA:264,0
DA:265,0
DA:266,0
DA:268,0
DA:269,0
DA:270,0
DA:272,0
DA:273,0
DA:274,0
DA:276,0
DA:277,0
DA:278,0
DA:279,0
DA:280,0
DA:281,0
DA:282,0
DA:283,0
DA:284,0
DA:288,0
DA:292,0
DA:293,0
DA:294,0
DA:295,0
DA:296,0
DA:297,0
DA:298,0
DA:299,0
DA:300,0
DA:301,0
DA:302,0
DA:303,0
DA:304,0
DA:305,0
DA:306,0
DA:307,0
DA:308,0
DA:309,0
DA:310,0
DA:311,0
DA:312,0
DA:313,0
DA:314,0
DA:315,0
DA:316,0
DA:317,0
DA:318,0
DA:319,0
DA:320,0
DA:321,0
DA:322,0
DA:323,0
DA:324,0
DA:325,0
DA:326,0
DA:330,0
DA:332,0
DA:333,0
DA:334,0
DA:335,0
DA:336,0
DA:337,0
DA:338,0
DA:339,0
DA:340,0
DA:341,0
DA:342,0
DA:344,0
DA:345,0
DA:346,0
DA:348,0
DA:350,0
DA:351,0
DA:353,0
DA:355,0
DA:356,0
DA:358,0
DA:360,0
DA:361,0
DA:363,0
DA:365,0
DA:366,0
DA:368,0
DA:370,0
DA:371,0
DA:372,0
DA:374,0
DA:376,0
DA:377,0
DA:378,0
DA:379,0
DA:383,0
DA:385,0
DA:386,0
DA:387,0
DA:388,0
DA:389,0
DA:390,0
DA:391,0
DA:392,0
DA:393,0
DA:394,0
DA:395,0
DA:396,0
DA:397,0
DA:398,0
DA:399,0
DA:400,0
DA:401,0
DA:402,0
DA:403,0
DA:404,0
DA:405,0
DA:406,0
DA:407,0
DA:408,0
DA:409,0
DA:410,0
DA:411,0
DA:412,0
DA:413,0
DA:414,0
DA:415,0
DA:416,0
DA:417,0
DA:418,0
DA:419,0
DA:422,0
DA:425,0
DA:430,0
DA:433,0
DA:434,0
DA:435,0
DA:436,0
DA:437,0
DA:438,0
DA:439,0
DA:440,0
DA:441,0
DA:442,0
DA:443,0
DA:444,0
DA:445,0
DA:446,0
DA:447,0
DA:448,0
DA:449,0
DA:450,0
DA:451,0
DA:452,0
DA:453,0
DA:454,0
DA:455,0
DA:456,0
DA:457,0
DA:458,0
DA:459,0
DA:460,0
DA:461,0
DA:462,0
DA:463,0
DA:464,0
DA:465,0
DA:466,0
DA:467,0
DA:470,0
DA:472,0
DA:474,0
DA:476,0
DA:478,0
DA:480,0
DA:482,0
DA:484,0
DA:485,0
DA:487,0
DA:489,0
DA:491,0
DA:493,0
DA:494,0
DA:496,0
DA:497,0
DA:499,0
DA:501,0
DA:502,0
DA:504,0
DA:505,0
DA:507,0
DA:509,0
DA:510,0
DA:512,0
DA:513,0
DA:515,0
DA:517,0
DA:518,0
DA:520,0
DA:521,0
DA:523,0
DA:525,0
DA:526,0
DA:528,0
DA:529,0
DA:531,0
DA:533,0
DA:534,0
DA:536,0
DA:537,0
DA:539,0
DA:541,0
DA:543,0
DA:544,0
DA:546,0
DA:547,0
DA:549,0
DA:550,0
DA:552,0
DA:553,0
DA:554,0
DA:555,0
DA:557,0
LF:272
LH:19
end_of_record
SF:lib/components/card.dart
DA:13,0
DA:38,0
DA:115,0
DA:117,0
DA:120,0
DA:125,0
DA:126,0
DA:127,0
DA:128,0
DA:129,0
DA:130,0
DA:131,0
DA:136,0
DA:139,0
DA:140,0
DA:143,0
DA:144,0
DA:145,0
DA:147,0
DA:150,0
DA:157,0
DA:164,0
DA:165,0
DA:166,0
DA:167,0
DA:168,0
DA:169,0
DA:171,0
DA:172,0
DA:173,0
DA:179,0
DA:185,0
DA:186,0
DA:187,0
DA:189,0
DA:195,0
DA:202,0
DA:203,0
DA:204,0
DA:208,0
DA:214,0
DA:215,0
DA:216,0
DA:217,0
DA:218,0
DA:219,0
DA:221,0
DA:222,0
DA:223,0
DA:224,0
DA:225,0
DA:229,0
DA:237,0
DA:238,0
DA:239,0
DA:240,0
DA:241,0
DA:242,0
DA:243,0
DA:248,0
DA:253,0
DA:254,0
DA:255,0
DA:258,0
DA:260,0
DA:261,0
DA:272,0
DA:273,0
DA:274,0
DA:276,0
DA:277,0
DA:278,0
DA:290,0
DA:291,0
DA:292,0
DA:295,0
DA:296,0
DA:299,0
DA:307,0
DA:308,0
DA:309,0
DA:312,0
DA:313,0
DA:321,0
DA:322,0
DA:323,0
DA:324,0
DA:325,0
DA:326,0
DA:329,0
DA:330,0
DA:331,0
DA:332,0
DA:341,0
DA:342,0
DA:343,0
DA:345,0
DA:348,0
DA:356,0
DA:359,0
DA:361,0
DA:362,0
DA:363,0
DA:365,0
DA:367,0
DA:368,0
DA:370,0
DA:371,0
DA:372,0
DA:373,0
DA:375,0
DA:377,0
LF:112
LH:0
end_of_record
SF:lib/components/image.dart
DA:14,0
DA:37,0
DA:105,0
DA:107,0
DA:109,0
DA:111,0
DA:112,0
DA:113,0
DA:114,0
DA:117,0
DA:118,0
DA:119,0
DA:120,0
DA:122,0
DA:126,0
DA:128,0
DA:135,0
DA:136,0
DA:137,0
DA:138,0
DA:139,0
DA:140,0
DA:141,0
DA:142,0
DA:144,0
DA:145,0
DA:146,0
DA:147,0
DA:148,0
DA:149,0
DA:155,0
DA:156,0
DA:157,0
DA:158,0
DA:159,0
DA:160,0
DA:161,0
DA:162,0
DA:164,0
DA:165,0
DA:166,0
DA:167,0
DA:168,0
DA:169,0
DA:176,0
DA:177,0
DA:178,0
DA:181,0
DA:184,0
DA:185,0
DA:186,0
DA:187,0
DA:188,0
DA:190,0
DA:194,0
DA:195,0
DA:199,0
DA:200,0
DA:201,0
DA:204,0
DA:208,0
DA:209,0
DA:210,0
DA:211,0
DA:212,0
DA:216,0
DA:218,0
DA:219,0
DA:220,0
DA:221,0
DA:223,0
DA:224,0
DA:225,0
DA:226,0
DA:227,0
DA:228,0
DA:229,0
DA:230,0
DA:231,0
DA:233,0
DA:235,0
DA:236,0
DA:237,0
DA:240,0
DA:241,0
DA:242,0
DA:247,0
DA:252,0
DA:258,0
DA:260,0
DA:262,0
DA:263,0
DA:264,0
DA:265,0
DA:267,0
DA:268,0
DA:269,0
DA:270,0
DA:272,0
LF:99
LH:0
end_of_record
SF:lib/components/tag.dart
DA:15,2
DA:28,1
DA:68,1
DA:70,2
DA:72,1
DA:73,1
DA:75,1
DA:78,1
DA:83,1
DA:84,1
DA:85,1
DA:86,1
DA:87,0
DA:88,0
DA:89,0
DA:90,0
DA:95,1
DA:96,1
DA:97,1
DA:98,1
DA:99,0
DA:100,0
DA:101,0
DA:102,0
DA:103,0
DA:104,0
DA:105,0
DA:106,0
DA:111,1
DA:112,1
DA:113,1
DA:115,1
DA:116,0
DA:119,2
DA:123,2
DA:124,1
DA:125,2
DA:128,1
DA:129,3
DA:132,1
DA:133,1
DA:134,0
DA:135,0
DA:136,0
DA:140,1
DA:141,0
DA:144,2
DA:145,0
DA:148,2
DA:152,1
DA:153,1
DA:154,1
DA:155,1
DA:157,1
DA:158,1
DA:159,2
DA:160,2
DA:163,1
DA:165,1
DA:166,1
DA:167,1
DA:172,1
DA:176,1
DA:177,1
DA:178,1
DA:179,1
DA:181,1
DA:183,1
DA:189,1
DA:190,1
DA:196,0
DA:198,0
DA:200,0
DA:202,0
DA:204,0
DA:207,0
DA:210,0
DA:211,0
DA:212,0
DA:213,0
DA:214,0
DA:216,0
DA:221,25
DA:230,25
LF:84
LH:54
end_of_record
SF:lib/components/cell.dart
DA:19,3
DA:49,2
DA:129,3
DA:131,6
DA:133,6
DA:134,3
DA:136,3
DA:137,2
DA:138,2
DA:141,6
DA:143,3
DA:146,3
DA:147,3
DA:148,3
DA:150,3
DA:151,3
DA:158,3
DA:162,3
DA:163,3
DA:164,3
DA:166,3
DA:171,3
DA:173,3
DA:174,3
DA:175,3
DA:176,3
DA:177,3
DA:178,3
DA:179,3
DA:180,3
DA:183,3
DA:184,3
DA:185,3
DA:186,3
DA:187,6
DA:188,3
DA:189,3
DA:191,3
DA:192,3
DA:193,3
DA:194,0
DA:198,2
DA:199,2
DA:200,4
DA:202,2
DA:206,3
DA:207,3
DA:217,3
DA:219,3
DA:220,3
DA:221,3
DA:222,3
DA:223,3
DA:232,9
DA:235,3
DA:236,3
DA:237,3
DA:238,0
DA:239,3
DA:240,3
DA:244,2
DA:245,2
DA:246,2
DA:247,0
DA:248,2
DA:249,2
DA:253,1
DA:254,1
DA:255,1
DA:256,0
DA:257,1
DA:258,1
DA:263,3
DA:267,6
DA:268,2
DA:269,2
DA:270,2
DA:271,0
DA:272,2
DA:273,2
DA:274,4
DA:275,6
DA:278,2
DA:279,2
DA:281,2
DA:283,2
DA:284,2
DA:291,2
DA:292,4
DA:294,1
DA:295,1
DA:296,1
DA:297,1
DA:300,2
DA:301,1
DA:302,2
DA:303,1
DA:310,3
DA:311,5
DA:313,5
DA:314,3
DA:316,3
DA:319,3
DA:320,1
DA:321,6
DA:323,3
DA:324,3
DA:333,3
DA:334,3
DA:335,3
DA:338,4
DA:339,1
DA:342,1
DA:343,1
DA:344,1
DA:345,1
DA:352,3
DA:356,3
DA:357,1
DA:360,2
DA:361,2
DA:364,2
DA:365,2
DA:366,2
DA:367,2
DA:368,0
DA:369,2
DA:376,2
DA:381,2
DA:382,2
DA:384,4
DA:393,2
DA:394,2
DA:395,2
DA:397,2
DA:399,2
DA:401,2
DA:406,0
DA:408,0
DA:409,0
DA:410,0
DA:412,0
DA:413,0
DA:415,0
DA:416,0
DA:417,0
DA:419,0
DA:420,0
DA:423,0
DA:424,0
DA:425,0
DA:427,0
DA:428,0
DA:429,0
DA:430,0
DA:432,0
DA:433,0
DA:434,0
DA:439,25
DA:445,25
LF:160
LH:133
end_of_record
SF:lib/styles/components/cell_theme.dart
DA:14,0
DA:18,0
DA:20,0
DA:25,0
DA:26,0
DA:27,0
DA:29,0
DA:38,0
DA:40,0
DA:41,0
DA:44,0
DA:45,0
DA:47,0
DA:49,0
DA:52,0
DA:54,0
DA:55,0
DA:60,22
DA:81,22
DA:82,22
DA:83,22
DA:85,44
DA:86,22
DA:87,22
DA:96,44
DA:97,22
DA:99,22
DA:101,22
DA:102,22
DA:103,22
DA:107,22
DA:149,0
DA:170,0
DA:171,0
DA:172,0
DA:173,0
DA:174,0
DA:175,0
DA:176,0
DA:177,0
DA:178,0
DA:179,0
DA:180,0
DA:181,0
DA:182,0
DA:183,0
DA:184,0
DA:185,0
DA:186,0
DA:187,0
DA:188,0
DA:189,0
DA:193,0
DA:197,0
DA:198,0
DA:199,0
DA:200,0
DA:201,0
DA:202,0
DA:203,0
DA:204,0
DA:205,0
DA:206,0
DA:207,0
DA:208,0
DA:209,0
DA:210,0
DA:211,0
DA:212,0
DA:213,0
DA:214,0
DA:215,0
DA:216,0
DA:220,0
DA:222,0
DA:223,0
DA:224,0
DA:225,0
DA:227,0
DA:228,0
DA:229,0
DA:230,0
DA:231,0
DA:232,0
DA:233,0
DA:234,0
DA:235,0
DA:236,0
DA:237,0
DA:238,0
DA:239,0
DA:241,0
DA:243,0
DA:245,0
DA:249,0
DA:251,0
DA:252,0
DA:253,0
DA:254,0
DA:255,0
DA:256,0
DA:257,0
DA:258,0
DA:259,0
DA:260,0
DA:261,0
DA:262,0
DA:263,0
DA:264,0
DA:265,0
DA:266,0
DA:267,0
DA:268,0
DA:269,0
DA:270,0
DA:273,0
DA:276,0
DA:281,0
DA:284,0
DA:285,0
DA:286,0
DA:287,0
DA:288,0
DA:289,0
DA:290,0
DA:291,0
DA:292,0
DA:293,0
DA:294,0
DA:295,0
DA:296,0
DA:297,0
DA:298,0
DA:299,0
DA:300,0
DA:301,0
DA:302,0
DA:303,0
DA:306,0
DA:308,0
DA:309,0
DA:310,0
DA:312,0
DA:313,0
DA:315,0
DA:316,0
DA:318,0
DA:319,0
DA:320,0
DA:321,0
DA:323,0
DA:325,0
DA:327,0
DA:329,0
DA:331,0
DA:333,0
DA:334,0
DA:336,0
DA:338,0
DA:340,0
DA:341,0
DA:342,0
DA:344,0
DA:345,0
DA:347,0
DA:348,0
DA:350,0
DA:351,0
DA:353,0
LF:169
LH:14
end_of_record
SF:lib/styles/components/collapse_theme.dart
DA:14,0
DA:18,0
DA:20,0
DA:25,0
DA:26,0
DA:27,0
DA:29,0
DA:38,0
DA:40,0
DA:41,0
DA:44,0
DA:46,0
DA:48,0
DA:50,0
DA:53,0
DA:55,0
DA:56,0
DA:61,22
DA:70,22
DA:74,22
DA:75,22
DA:76,22
DA:78,44
DA:87,22
DA:105,0
DA:114,0
DA:116,0
DA:117,0
DA:118,0
DA:120,0
DA:121,0
DA:123,0
DA:125,0
DA:129,0
DA:133,0
DA:134,0
DA:135,0
DA:136,0
DA:137,0
DA:138,0
DA:139,0
DA:140,0
DA:144,0
DA:146,0
DA:150,0
DA:152,0
DA:154,0
DA:156,0
DA:157,0
DA:158,0
DA:160,0
DA:164,0
DA:166,0
DA:167,0
DA:168,0
DA:169,0
DA:170,0
DA:171,0
DA:172,0
DA:173,0
DA:176,0
DA:179,0
DA:184,0
DA:187,0
DA:188,0
DA:189,0
DA:190,0
DA:191,0
DA:192,0
DA:193,0
DA:194,0
DA:197,0
DA:199,0
DA:200,0
DA:202,0
DA:203,0
DA:205,0
DA:206,0
DA:208,0
DA:209,0
DA:211,0
DA:212,0
DA:214,0
DA:215,0
DA:217,0
DA:218,0
DA:220,0
LF:87
LH:7
end_of_record
SF:lib/components/cell_group.dart
DA:13,0
DA:19,0
DA:37,0
DA:40,0
DA:42,0
DA:43,0
DA:44,0
DA:50,0
DA:52,0
DA:56,0
DA:57,0
DA:59,0
DA:60,0
DA:66,0
DA:68,0
DA:75,0
DA:78,0
DA:79,0
DA:80,0
DA:81,0
DA:82,0
DA:83,0
DA:84,0
DA:85,0
DA:87,0
DA:92,0
DA:94,0
DA:96,0
DA:97,0
LF:29
LH:0
end_of_record
SF:lib/styles/components/cell_group_theme.dart
DA:14,0
DA:18,0
DA:20,0
DA:25,0
DA:26,0
DA:27,0
DA:29,0
DA:38,0
DA:40,0
DA:41,0
DA:44,0
DA:46,0
DA:48,0
DA:50,0
DA:53,0
DA:55,0
DA:56,0
DA:61,22
DA:68,22
DA:69,22
DA:80,44
DA:84,22
DA:98,0
DA:105,0
DA:106,0
DA:107,0
DA:108,0
DA:109,0
DA:110,0
DA:114,0
DA:118,0
DA:119,0
DA:120,0
DA:121,0
DA:122,0
DA:123,0
DA:127,0
DA:129,0
DA:130,0
DA:131,0
DA:132,0
DA:133,0
DA:134,0
DA:138,0
DA:140,0
DA:141,0
DA:142,0
DA:143,0
DA:144,0
DA:145,0
DA:148,0
DA:151,0
DA:156,0
DA:159,0
DA:160,0
DA:161,0
DA:162,0
DA:163,0
DA:164,0
DA:167,0
DA:169,0
DA:170,0
DA:172,0
DA:174,0
DA:176,0
DA:178,0
DA:179,0
DA:181,0
LF:68
LH:5
end_of_record
SF:lib/components/checkbox.dart
DA:15,0
DA:30,0
DA:51,0
DA:54,0
DA:55,0
DA:59,0
DA:60,0
DA:61,0
DA:64,0
DA:65,0
DA:66,0
DA:67,0
DA:68,0
DA:72,0
DA:73,0
DA:79,0
DA:81,0
DA:83,0
DA:84,0
DA:86,0
DA:87,0
DA:92,0
DA:93,0
DA:94,0
DA:96,0
DA:98,0
DA:99,0
DA:100,0
DA:101,0
DA:102,0
DA:105,0
DA:106,0
DA:107,0
DA:108,0
DA:109,0
DA:110,0
DA:111,0
DA:112,0
DA:116,0
DA:118,0
DA:120,0
DA:121,0
DA:122,0
DA:123,0
DA:125,0
DA:126,0
DA:127,0
DA:128,0
DA:130,0
DA:132,0
DA:134,0
DA:135,0
DA:136,0
DA:141,0
DA:159,0
DA:183,0
DA:185,0
DA:186,0
DA:187,0
DA:189,0
DA:192,0
DA:193,0
DA:194,0
DA:195,0
DA:196,0
DA:197,0
DA:206,0
DA:207,0
DA:210,0
DA:212,0
DA:213,0
DA:216,0
DA:218,0
DA:219,0
DA:222,0
DA:224,0
DA:225,0
DA:226,0
DA:228,0
DA:230,0
DA:231,0
DA:233,0
DA:237,0
DA:241,0
DA:242,0
DA:244,0
DA:246,0
DA:247,0
DA:251,0
DA:257,0
DA:258,0
DA:259,0
DA:260,0
DA:261,0
DA:262,0
DA:263,0
DA:264,0
DA:268,0
DA:276,0
DA:277,0
DA:278,0
DA:279,0
DA:282,0
DA:283,0
DA:287,0
DA:288,0
DA:290,0
DA:292,0
DA:293,0
DA:294,0
DA:300,0
DA:302,0
DA:304,0
DA:305,0
DA:306,0
DA:307,0
DA:309,0
DA:310,0
DA:311,0
DA:312,0
DA:314,0
DA:316,0
DA:319,0
DA:321,0
DA:322,0
DA:323,0
DA:325,0
DA:329,25
DA:334,25
DA:340,0
LF:130
LH:2
end_of_record
SF:lib/components/checkbox_group.dart
DA:11,0
DA:21,0
DA:37,0
DA:39,0
DA:41,0
DA:42,0
DA:43,0
DA:48,0
DA:52,0
DA:53,0
DA:54,0
DA:55,0
DA:56,0
DA:60,0
DA:63,0
DA:64,0
DA:67,0
DA:68,0
DA:70,0
DA:71,0
DA:74,0
DA:75,0
DA:76,0
DA:80,0
DA:82,0
DA:83,0
DA:84,0
DA:85,0
DA:87,0
DA:88,0
DA:90,0
DA:95,0
DA:99,0
DA:103,0
DA:104,0
DA:107,0
DA:109,0
LF:37
LH:0
end_of_record
SF:lib/components/circle.dart
DA:16,0
DA:21,2
DA:37,2
DA:38,2
DA:39,1
DA:40,1
DA:85,1
DA:86,1
DA:93,1
DA:95,2
DA:96,1
DA:99,1
DA:101,1
DA:102,1
DA:103,1
DA:104,1
DA:107,0
DA:109,0
DA:110,0
DA:111,0
DA:114,0
DA:118,0
DA:119,0
DA:120,0
DA:122,0
DA:124,0
DA:126,0
DA:129,0
DA:130,0
DA:133,0
DA:134,0
DA:138,0
DA:139,0
DA:140,0
DA:141,0
DA:143,0
DA:144,0
DA:145,0
DA:146,0
DA:148,0
DA:149,0
DA:154,1
DA:156,2
DA:157,3
DA:158,1
DA:159,1
DA:160,1
DA:161,1
DA:163,1
DA:165,3
DA:167,2
DA:168,2
DA:172,1
DA:174,1
DA:175,2
DA:176,3
DA:177,2
DA:179,2
DA:180,2
DA:182,1
DA:183,3
DA:184,3
DA:186,1
DA:188,1
DA:190,1
DA:191,1
DA:192,1
DA:193,1
DA:194,1
DA:195,1
DA:198,8
DA:206,1
DA:208,1
DA:209,3
DA:210,2
DA:211,2
DA:213,2
DA:214,2
DA:216,1
DA:217,3
DA:218,4
DA:219,4
DA:222,1
DA:223,3
DA:225,4
DA:227,4
DA:229,4
DA:232,4
DA:234,4
DA:236,1
DA:242,1
DA:250,2
DA:251,1
DA:252,1
DA:253,1
DA:254,1
DA:255,1
DA:256,1
DA:257,1
DA:283,1
DA:285,1
DA:286,1
DA:287,2
DA:288,2
DA:290,2
DA:293,1
DA:294,0
DA:297,0
DA:299,0
DA:300,0
DA:301,0
DA:305,1
DA:306,0
DA:309,3
DA:311,1
DA:313,2
DA:314,6
DA:316,2
DA:320,0
DA:322,0
DA:323,0
DA:324,0
DA:325,0
DA:326,0
DA:327,0
LF:125
LH:86
end_of_record
SF:lib/styles/components/circle_theme.dart
DA:14,0
DA:18,0
DA:20,0
DA:25,0
DA:26,0
DA:27,0
DA:29,0
DA:38,0
DA:40,0
DA:41,0
DA:44,0
DA:45,0
DA:47,0
DA:49,0
DA:52,0
DA:54,0
DA:55,0
DA:60,22
DA:69,22
DA:70,22
DA:71,22
DA:78,44
DA:82,22
DA:100,0
DA:109,0
DA:110,0
DA:111,0
DA:112,0
DA:113,0
DA:114,0
DA:115,0
DA:116,0
DA:120,0
DA:124,0
DA:125,0
DA:126,0
DA:127,0
DA:128,0
DA:129,0
DA:130,0
DA:131,0
DA:135,0
DA:137,0
DA:138,0
DA:139,0
DA:140,0
DA:141,0
DA:142,0
DA:143,0
DA:144,0
DA:148,0
DA:150,0
DA:151,0
DA:152,0
DA:153,0
DA:154,0
DA:155,0
DA:156,0
DA:157,0
DA:160,0
DA:163,0
DA:168,0
DA:171,0
DA:172,0
DA:173,0
DA:174,0
DA:175,0
DA:176,0
DA:177,0
DA:178,0
DA:181,0
DA:184,0
DA:186,0
DA:187,0
DA:189,0
DA:190,0
DA:191,0
DA:192,0
DA:194,0
DA:196,0
DA:198,0
LF:81
LH:6
end_of_record
SF:lib/components/col.dart
DA:10,1
DA:15,0
DA:30,1
DA:32,1
DA:33,1
DA:34,1
DA:40,1
DA:41,2
DA:43,1
DA:44,2
DA:45,2
DA:47,1
DA:48,3
DA:51,1
DA:52,0
DA:55,1
DA:59,1
DA:63,0
DA:65,0
DA:67,0
DA:68,0
LF:21
LH:15
end_of_record
SF:lib/components/row.dart
DA:10,2
DA:17,0
DA:38,2
DA:41,2
DA:42,1
DA:44,1
DA:45,1
DA:46,1
DA:47,1
DA:51,1
DA:52,1
DA:53,1
DA:54,1
DA:58,2
DA:59,2
DA:60,2
DA:61,2
DA:69,1
DA:70,1
DA:71,1
DA:73,0
DA:75,0
DA:77,0
DA:79,0
DA:84,1
DA:85,1
DA:86,1
DA:88,0
DA:90,0
DA:95,1
DA:96,1
DA:97,1
DA:99,0
DA:101,0
DA:103,0
DA:105,0
DA:110,1
DA:111,1
DA:112,1
DA:114,0
DA:116,0
DA:122,1
DA:123,2
DA:125,4
DA:126,2
DA:127,3
DA:129,1
DA:130,2
DA:131,1
DA:133,4
DA:141,1
DA:142,1
DA:144,2
DA:146,6
DA:148,3
DA:149,1
DA:150,2
DA:152,1
DA:153,5
DA:154,1
DA:155,2
DA:163,0
DA:166,0
DA:167,0
DA:168,0
DA:170,0
DA:171,0
DA:173,0
DA:179,1
DA:189,25
DA:198,25
DA:205,2
DA:210,2
DA:215,1
DA:216,1
DA:219,0
DA:221,0
LF:77
LH:55
end_of_record
SF:lib/components/collapse.dart
DA:12,1
DA:19,2
DA:20,1
DA:40,1
DA:42,1
DA:43,1
DA:45,1
DA:46,1
DA:49,1
DA:51,1
DA:52,1
DA:58,1
DA:59,2
DA:62,1
DA:63,1
DA:64,3
DA:66,4
DA:68,2
DA:69,3
DA:70,1
DA:74,1
DA:75,3
DA:79,3
DA:83,5
DA:86,0
DA:88,0
DA:89,0
DA:90,0
DA:92,0
DA:93,0
DA:98,1
DA:102,1
DA:106,1
DA:107,1
DA:110,1
DA:112,3
LF:36
LH:30
end_of_record
SF:lib/components/collapse_item.dart
DA:19,1
DA:45,1
DA:73,1
DA:98,1
DA:175,1
DA:176,1
DA:181,1
DA:183,2
DA:185,2
DA:186,1
DA:188,1
DA:192,1
DA:193,1
DA:194,2
DA:195,2
DA:196,1
DA:198,1
DA:202,1
DA:203,2
DA:204,2
DA:205,2
DA:206,2
DA:207,2
DA:208,2
DA:209,2
DA:210,2
DA:211,2
DA:212,2
DA:213,2
DA:214,4
DA:215,4
DA:216,2
DA:217,2
DA:218,2
DA:219,2
DA:220,2
DA:221,2
DA:225,1
DA:227,1
DA:228,1
DA:229,1
DA:230,1
DA:231,1
DA:232,1
DA:234,1
DA:235,1
DA:236,1
DA:237,2
DA:242,1
DA:243,1
DA:244,1
DA:245,4
DA:246,1
DA:248,1
DA:249,1
DA:259,1
DA:260,4
DA:263,4
DA:266,1
DA:267,4
DA:270,4
DA:271,5
DA:272,5
DA:274,1
DA:275,3
DA:283,0
DA:285,0
DA:286,0
DA:287,0
DA:288,0
DA:289,0
DA:291,0
DA:292,0
DA:293,0
DA:294,0
DA:295,0
DA:297,0
DA:299,0
DA:301,0
DA:303,0
DA:305,0
DA:307,0
DA:308,0
DA:311,0
DA:313,0
DA:315,0
DA:316,0
DA:318,0
DA:324,1
DA:328,1
DA:332,3
DA:334,1
DA:336,1
DA:338,1
DA:339,1
DA:346,1
DA:351,1
DA:359,1
DA:360,1
DA:371,1
DA:373,3
DA:374,2
DA:375,2
DA:379,1
DA:380,1
DA:383,1
DA:385,2
DA:386,1
DA:389,1
DA:391,1
DA:394,2
DA:395,2
DA:396,2
DA:398,2
DA:401,1
DA:404,1
DA:405,2
DA:406,4
DA:407,2
DA:408,5
DA:409,1
DA:410,4
DA:411,2
DA:416,1
DA:418,1
DA:419,1
DA:420,1
DA:423,1
DA:424,1
DA:427,2
DA:436,1
DA:441,1
DA:449,1
DA:450,1
DA:457,1
DA:459,2
DA:460,2
DA:461,2
DA:464,4
DA:465,1
DA:468,1
DA:470,2
DA:471,1
DA:474,1
DA:476,2
DA:477,2
DA:479,2
DA:481,1
DA:484,1
DA:486,2
DA:488,1
DA:489,1
DA:490,1
DA:491,1
DA:492,1
DA:493,2
DA:496,1
DA:498,1
DA:499,2
LF:159
LH:136
end_of_record
SF:lib/components/contact_card.dart
DA:18,1
DA:26,1
DA:50,1
DA:53,2
DA:54,1
DA:55,1
DA:56,1
DA:58,2
DA:60,1
DA:62,1
DA:63,1
DA:66,1
DA:67,2
DA:68,1
DA:69,1
DA:81,1
DA:85,1
DA:88,2
DA:89,1
DA:90,1
DA:92,1
DA:93,3
DA:97,0
DA:99,0
DA:100,0
DA:101,0
DA:106,1
DA:107,2
DA:112,0
DA:114,0
DA:116,0
DA:117,0
DA:119,0
DA:120,0
DA:121,0
DA:123,0
DA:128,25
DA:134,25
DA:136,1
DA:138,1
DA:139,1
DA:140,1
DA:141,1
DA:143,1
DA:144,1
DA:148,2
LF:46
LH:34
end_of_record
SF:lib/locale/l10n.dart
DA:16,2
DA:20,0
DA:21,0
DA:28,2
DA:29,4
DA:30,0
DA:31,2
DA:32,2
DA:33,6
DA:34,2
DA:35,2
DA:42,2
DA:43,2
DA:44,0
DA:49,2
DA:50,2
DA:54,0
DA:55,0
DA:59,0
DA:64,0
DA:65,0
DA:69,0
DA:74,0
DA:75,0
DA:79,0
DA:84,0
DA:85,0
DA:89,0
DA:94,0
DA:95,0
DA:99,0
DA:104,0
DA:105,0
DA:109,0
DA:114,0
DA:115,0
DA:119,0
DA:124,0
DA:125,0
DA:129,0
DA:134,0
DA:135,0
DA:139,0
DA:144,0
DA:145,0
DA:149,0
DA:154,0
DA:155,0
DA:159,0
DA:164,0
DA:165,0
DA:169,0
DA:174,0
DA:175,0
DA:179,0
DA:184,0
DA:185,0
DA:189,0
DA:194,0
DA:195,0
DA:199,0
DA:204,0
DA:205,0
DA:209,0
DA:214,0
DA:215,0
DA:219,0
DA:224,0
DA:225,0
DA:229,0
DA:234,0
DA:235,0
DA:239,0
DA:244,0
DA:245,0
DA:249,0
DA:254,0
DA:255,0
DA:259,0
DA:264,0
DA:265,0
DA:269,0
DA:274,0
DA:275,0
DA:279,0
DA:284,0
DA:285,0
DA:289,0
DA:294,0
DA:295,0
DA:296,0
DA:299,0
DA:304,0
DA:305,0
DA:306,0
DA:309,0
DA:314,0
DA:315,0
DA:319,0
DA:324,1
DA:325,1
DA:329,1
DA:334,0
DA:335,0
DA:339,0
DA:344,0
DA:345,0
DA:349,0
DA:354,0
DA:355,0
DA:359,0
DA:364,0
DA:365,0
DA:369,0
DA:374,0
DA:375,0
DA:379,0
DA:384,1
DA:385,1
DA:389,1
DA:394,0
DA:395,0
DA:399,0
DA:404,0
DA:405,0
DA:406,0
DA:409,0
DA:414,0
DA:415,0
DA:416,0
DA:419,0
DA:424,0
DA:425,0
DA:429,0
DA:434,0
DA:435,0
DA:439,0
DA:444,0
DA:445,0
DA:446,0
DA:449,0
DA:454,0
DA:455,0
DA:459,0
DA:464,0
DA:465,0
DA:469,0
DA:474,0
DA:475,0
DA:479,0
DA:484,0
DA:485,0
DA:489,0
DA:494,0
DA:495,0
DA:499,0
DA:504,0
DA:505,0
DA:509,0
DA:514,0
DA:515,0
DA:519,0
DA:524,0
DA:525,0
DA:529,0
DA:534,0
DA:535,0
DA:539,0
DA:544,0
DA:545,0
DA:549,0
DA:554,0
DA:555,0
DA:559,0
DA:564,0
DA:565,0
DA:569,0
DA:574,0
DA:575,0
DA:579,0
DA:584,0
DA:585,0
DA:589,0
DA:594,0
DA:595,0
DA:599,0
DA:604,0
DA:605,0
DA:609,0
DA:614,0
DA:615,0
DA:619,0
DA:624,0
DA:625,0
DA:629,0
DA:635,25
DA:637,2
DA:644,2
DA:645,2
DA:646,2
DA:647,2
DA:648,1
DA:651,2
DA:652,4
DA:653,6
LF:205
LH:28
end_of_record
SF:lib/styles/components/contact_card_theme.dart
DA:11,0
DA:15,0
DA:17,0
DA:22,0
DA:23,0
DA:24,0
DA:26,0
DA:35,0
DA:37,0
DA:38,0
DA:41,0
DA:43,0
DA:45,0
DA:47,0
DA:50,0
DA:52,0
DA:53,0
DA:58,22
DA:64,22
DA:65,22
DA:66,22
DA:69,44
DA:73,22
DA:85,0
DA:91,0
DA:92,0
DA:93,0
DA:94,0
DA:95,0
DA:99,0
DA:103,0
DA:104,0
DA:105,0
DA:106,0
DA:107,0
DA:111,0
DA:113,0
DA:114,0
DA:115,0
DA:116,0
DA:117,0
DA:121,0
DA:123,0
DA:124,0
DA:125,0
DA:126,0
DA:127,0
DA:130,0
DA:133,0
DA:138,0
DA:141,0
DA:142,0
DA:143,0
DA:144,0
DA:145,0
DA:148,0
DA:150,0
DA:151,0
DA:152,0
DA:154,0
DA:156,0
DA:157,0
DA:159,0
LF:63
LH:6
end_of_record
SF:lib/components/contact_edit.dart
DA:12,0
DA:19,0
DA:31,0
DA:32,0
DA:65,0
DA:66,0
DA:74,0
DA:76,0
DA:77,0
DA:80,0
DA:82,0
DA:83,0
DA:85,0
DA:88,0
DA:90,0
DA:91,0
DA:92,0
DA:93,0
DA:94,0
DA:95,0
DA:96,0
DA:97,0
DA:98,0
DA:99,0
DA:103,0
DA:104,0
DA:105,0
DA:107,0
DA:112,0
DA:114,0
DA:115,0
DA:116,0
DA:117,0
DA:122,0
DA:123,0
DA:124,0
DA:125,0
DA:126,0
DA:127,0
DA:128,0
DA:130,0
DA:133,0
DA:137,0
DA:138,0
DA:143,0
DA:144,0
DA:145,0
DA:149,0
DA:151,0
DA:154,0
DA:155,0
DA:156,0
DA:157,0
DA:158,0
DA:159,0
DA:160,0
DA:167,0
DA:168,0
DA:170,0
DA:171,0
DA:172,0
DA:176,0
DA:177,0
DA:178,0
DA:179,0
DA:183,0
DA:184,0
DA:187,0
DA:188,0
DA:189,0
DA:192,0
DA:198,0
DA:199,0
DA:200,0
DA:202,0
DA:207,0
DA:208,0
DA:218,0
DA:220,0
DA:222,0
DA:224,0
DA:226,0
DA:227,0
DA:229,0
DA:230,0
DA:231,0
DA:232,0
DA:234,0
DA:239,0
DA:249,0
DA:251,0
LF:91
LH:0
end_of_record
SF:lib/components/form.dart
DA:9,0
DA:27,0
DA:77,0
DA:78,0
DA:82,0
DA:84,0
DA:87,0
DA:89,0
DA:90,0
DA:91,0
DA:92,0
DA:97,0
DA:99,0
DA:101,0
DA:102,0
DA:106,0
DA:109,0
DA:110,0
DA:111,0
DA:113,0
DA:114,0
DA:115,0
DA:117,0
DA:122,0
DA:127,0
DA:128,0
DA:129,0
DA:131,0
DA:132,0
DA:134,0
DA:137,0
DA:142,0
DA:143,0
DA:144,0
DA:146,0
DA:147,0
DA:148,0
DA:156,0
DA:157,0
DA:158,0
DA:160,0
DA:161,0
DA:162,0
DA:165,0
DA:166,0
DA:167,0
DA:170,0
DA:171,0
DA:175,0
DA:176,0
DA:177,0
DA:181,0
DA:182,0
DA:185,0
DA:186,0
DA:187,0
DA:189,0
DA:190,0
DA:191,0
DA:194,0
DA:195,0
DA:200,0
DA:201,0
DA:202,0
DA:203,0
DA:204,0
DA:210,0
DA:212,0
DA:213,0
DA:214,0
DA:216,0
DA:218,0
DA:221,0
DA:222,0
DA:223,0
DA:225,0
DA:226,0
DA:228,0
DA:229,0
DA:231,0
DA:232,0
DA:234,0
DA:235,0
DA:237,0
DA:238,0
DA:240,0
DA:241,0
DA:243,0
DA:244,0
DA:246,0
DA:251,0
DA:260,0
DA:264,0
DA:268,0
DA:269,0
DA:272,0
DA:274,0
LF:97
LH:0
end_of_record
SF:lib/utils/format/validate.dart
DA:1,0
DA:2,0
DA:3,0
DA:4,0
LF:4
LH:0
end_of_record
SF:lib/components/contact_list.dart
DA:14,0
DA:24,0
DA:49,0
DA:51,0
DA:53,0
DA:54,0
DA:55,0
DA:56,0
DA:57,0
DA:63,0
DA:64,0
DA:70,0
DA:71,0
DA:73,0
DA:77,0
DA:78,0
DA:79,0
DA:80,0
DA:89,0
DA:90,0
DA:91,0
DA:92,0
DA:93,0
DA:97,0
DA:98,0
DA:99,0
DA:102,0
DA:103,0
DA:104,0
DA:108,0
DA:113,0
DA:115,0
DA:116,0
DA:117,0
DA:118,0
DA:119,0
DA:121,0
DA:124,0
DA:128,0
DA:132,0
DA:133,0
DA:145,0
DA:147,0
DA:149,0
DA:150,0
DA:151,0
DA:154,0
DA:160,0
DA:167,0
DA:168,0
DA:169,0
DA:170,0
DA:171,0
DA:172,0
LF:54
LH:0
end_of_record
SF:lib/components/radio.dart
DA:14,0
DA:28,0
DA:69,0
DA:72,0
DA:73,0
DA:77,0
DA:79,0
DA:82,0
DA:84,0
DA:85,0
DA:90,0
DA:91,0
DA:92,0
DA:94,0
DA:96,0
DA:97,0
DA:98,0
DA:99,0
DA:100,0
DA:103,0
DA:104,0
DA:105,0
DA:106,0
DA:107,0
DA:108,0
DA:109,0
DA:110,0
DA:114,0
DA:116,0
DA:117,0
DA:118,0
DA:119,0
DA:121,0
DA:122,0
DA:123,0
DA:124,0
DA:126,0
DA:128,0
DA:131,0
LF:39
LH:0
end_of_record
SF:lib/components/count_down.dart
DA:17,2
DA:26,1
DA:50,1
DA:51,1
DA:62,1
DA:64,2
DA:65,1
DA:66,1
DA:69,0
DA:71,0
DA:72,0
DA:74,0
DA:77,1
DA:79,1
DA:80,2
DA:81,1
DA:84,0
DA:87,0
DA:88,0
DA:89,0
DA:90,0
DA:92,0
DA:95,0
DA:96,0
DA:97,0
DA:98,0
DA:102,0
DA:104,0
DA:108,0
DA:111,1
DA:114,2
DA:115,1
DA:116,1
DA:117,1
DA:118,1
DA:121,1
DA:123,4
DA:127,3
DA:129,5
DA:131,1
DA:132,3
DA:133,2
DA:134,1
DA:138,1
DA:139,1
DA:140,2
DA:143,1
DA:144,5
DA:146,1
DA:147,1
DA:148,2
DA:149,4
DA:152,1
DA:153,1
DA:154,2
DA:155,3
DA:158,2
DA:161,1
DA:162,2
DA:163,1
DA:164,1
DA:165,2
DA:167,2
DA:168,2
DA:172,1
DA:175,1
DA:176,2
DA:177,1
DA:178,1
DA:179,1
DA:181,3
DA:182,1
DA:185,2
DA:186,2
DA:190,1
DA:193,1
DA:194,2
DA:195,1
DA:197,1
DA:201,1
DA:202,1
DA:203,5
DA:204,1
DA:205,2
DA:206,1
DA:210,1
DA:211,1
DA:212,2
DA:215,1
DA:216,1
DA:217,2
DA:220,0
DA:223,0
DA:224,0
DA:226,0
DA:228,0
DA:230,0
DA:235,2
DA:251,0
DA:253,0
DA:254,0
DA:255,0
DA:256,0
DA:257,0
DA:258,0
DA:259,0
DA:262,0
DA:265,1
DA:270,3
DA:273,1
DA:274,3
DA:275,3
DA:276,3
DA:277,3
DA:278,3
DA:279,3
DA:283,1
DA:284,1
DA:286,1
DA:287,1
DA:288,1
DA:289,1
DA:291,1
DA:292,2
DA:294,2
DA:297,1
DA:298,2
DA:300,2
DA:303,1
DA:304,2
DA:306,2
DA:309,1
DA:310,2
DA:312,2
DA:315,1
DA:316,1
DA:318,1
DA:319,1
DA:320,1
DA:321,2
DA:323,2
DA:335,1
DA:336,2
DA:337,3
DA:338,3
DA:339,3
DA:340,2
DA:341,1
DA:351,1
DA:352,5
LF:150
LH:118
end_of_record
SF:lib/styles/components/count_down_theme.dart
DA:14,0
DA:18,0
DA:20,0
DA:25,0
DA:26,0
DA:27,0
DA:29,0
DA:38,0
DA:40,0
DA:41,0
DA:44,0
DA:46,0
DA:48,0
DA:50,0
DA:53,0
DA:55,0
DA:56,0
DA:61,22
DA:66,22
DA:67,22
DA:70,44
DA:74,22
DA:84,0
DA:89,0
DA:90,0
DA:91,0
DA:92,0
DA:96,0
DA:100,0
DA:101,0
DA:102,0
DA:103,0
DA:107,0
DA:109,0
DA:110,0
DA:111,0
DA:112,0
DA:116,0
DA:118,0
DA:119,0
DA:120,0
DA:121,0
DA:124,0
DA:127,0
DA:132,0
DA:135,0
DA:136,0
DA:137,0
DA:138,0
DA:141,0
DA:143,0
DA:144,0
DA:145,0
DA:146,0
DA:147,0
DA:149,0
LF:56
LH:5
end_of_record
SF:lib/utils/format/string.dart
DA:1,0
DA:3,0
DA:4,0
DA:5,0
DA:8,1
DA:9,1
DA:15,1
LF:7
LH:3
end_of_record
SF:lib/components/date_picker.dart
DA:13,0
DA:17,0
DA:22,0
DA:52,0
DA:53,0
DA:54,0
DA:145,0
DA:146,0
DA:154,0
DA:156,0
DA:157,0
DA:159,0
DA:160,0
DA:161,0
DA:162,0
DA:163,0
DA:166,0
DA:169,0
DA:171,0
DA:172,0
DA:175,0
DA:177,0
DA:178,0
DA:179,0
DA:180,0
DA:182,0
DA:183,0
DA:184,0
DA:185,0
DA:188,0
DA:189,0
DA:191,0
DA:192,0
DA:193,0
DA:197,0
DA:200,0
DA:202,0
DA:203,0
DA:204,0
DA:205,0
DA:206,0
DA:207,0
DA:208,0
DA:209,0
DA:210,0
DA:211,0
DA:212,0
DA:214,0
DA:215,0
DA:217,0
DA:218,0
DA:220,0
DA:221,0
DA:222,0
DA:223,0
DA:224,0
DA:225,0
DA:226,0
DA:227,0
DA:231,0
DA:232,0
DA:233,0
DA:237,0
DA:238,0
DA:240,0
DA:241,0
DA:242,0
DA:243,0
DA:244,0
DA:245,0
DA:246,0
DA:247,0
DA:248,0
DA:249,0
DA:250,0
DA:251,0
DA:252,0
DA:253,0
DA:254,0
DA:255,0
DA:256,0
DA:260,0
DA:262,0
DA:263,0
DA:267,0
DA:268,0
DA:269,0
DA:272,0
DA:273,0
DA:274,0
DA:276,0
DA:280,0
DA:281,0
DA:287,0
DA:288,0
DA:289,0
DA:290,0
DA:292,0
DA:293,0
DA:294,0
DA:296,0
DA:299,0
DA:300,0
DA:305,0
DA:306,0
DA:309,0
DA:310,0
DA:311,0
DA:314,0
DA:315,0
DA:318,0
DA:319,0
DA:320,0
DA:322,0
DA:323,0
DA:327,0
DA:328,0
DA:329,0
DA:333,0
DA:334,0
DA:337,0
DA:338,0
DA:344,0
DA:346,0
DA:347,0
DA:348,0
DA:349,0
DA:351,0
DA:355,0
DA:356,0
DA:357,0
DA:362,0
DA:364,0
DA:369,0
DA:370,0
DA:371,0
DA:372,0
DA:373,0
DA:374,0
DA:375,0
DA:376,0
DA:381,0
DA:390,0
DA:392,0
DA:394,0
DA:395,0
DA:396,0
DA:398,0
DA:400,0
DA:402,0
DA:404,0
DA:406,0
DA:408,0
DA:410,0
DA:412,0
DA:414,0
DA:418,0
DA:419,0
DA:420,0
DA:424,0
DA:425,0
DA:427,0
DA:429,0
DA:430,0
DA:432,0
DA:433,0
DA:437,0
DA:439,0
DA:440,0
DA:441,0
DA:442,0
DA:443,0
DA:444,0
DA:445,0
DA:451,0
DA:452,0
DA:453,0
DA:454,0
DA:455,0
DA:456,0
DA:457,0
DA:458,0
DA:460,0
DA:464,0
DA:467,0
DA:468,0
DA:469,0
DA:470,0
DA:471,0
DA:472,0
DA:474,0
DA:477,0
DA:479,0
DA:480,0
DA:481,0
DA:483,0
DA:487,0
DA:488,0
DA:490,0
DA:491,0
DA:493,0
DA:495,0
DA:497,0
DA:498,0
DA:501,0
DA:503,0
DA:504,0
DA:505,0
DA:506,0
DA:508,0
DA:511,0
DA:515,25
DA:523,25
DA:533,0
DA:543,0
DA:552,0
DA:553,0
DA:556,0
DA:557,0
LF:219
LH:2
end_of_record
SF:lib/utils/format/number.dart
DA:7,0
DA:8,0
DA:11,0
DA:12,0
DA:14,0
DA:18,0
DA:19,0
DA:22,0
DA:23,0
DA:26,0
DA:32,0
DA:34,0
DA:38,0
DA:40,0
DA:42,0
DA:44,0
DA:47,0
DA:50,0
DA:54,0
DA:55,0
DA:58,0
DA:59,0
DA:62,0
DA:63,0
DA:64,0
DA:66,0
DA:67,0
DA:68,0
DA:69,0
DA:70,0
DA:71,0
DA:74,0
DA:75,0
DA:76,0
DA:80,0
DA:85,0
LF:36
LH:0
end_of_record
SF:lib/components/picker.dart
DA:26,0
DA:27,0
DA:30,0
DA:31,0
DA:36,0
DA:63,0
DA:141,0
DA:142,0
DA:153,0
DA:155,0
DA:156,0
DA:157,0
DA:158,0
DA:159,0
DA:160,0
DA:161,0
DA:162,0
DA:165,0
DA:167,0
DA:168,0
DA:170,0
DA:173,0
DA:175,0
DA:176,0
DA:177,0
DA:179,0
DA:181,0
DA:182,0
DA:183,0
DA:185,0
DA:186,0
DA:187,0
DA:188,0
DA:189,0
DA:190,0
DA:192,0
DA:196,0
DA:197,0
DA:198,0
DA:199,0
DA:212,0
DA:214,0
DA:215,0
DA:216,0
DA:219,0
DA:226,0
DA:227,0
DA:228,0
DA:229,0
DA:232,0
DA:233,0
DA:235,0
DA:237,0
DA:238,0
DA:239,0
DA:246,0
DA:247,0
DA:251,0
DA:253,0
DA:256,0
DA:257,0
DA:258,0
DA:259,0
DA:261,0
DA:262,0
DA:264,0
DA:268,0
DA:269,0
DA:270,0
DA:272,0
DA:275,0
DA:276,0
DA:277,0
DA:278,0
DA:286,0
DA:287,0
DA:288,0
DA:289,0
DA:292,0
DA:293,0
DA:294,0
DA:296,0
DA:301,0
DA:302,0
DA:303,0
DA:304,0
DA:308,0
DA:309,0
DA:310,0
DA:312,0
DA:317,0
DA:318,0
DA:319,0
DA:320,0
DA:322,0
DA:335,0
DA:336,0
DA:337,0
DA:340,0
DA:341,0
DA:343,0
DA:344,0
DA:358,0
DA:359,0
DA:360,0
DA:361,0
DA:362,0
DA:363,0
DA:364,0
DA:368,0
DA:373,0
DA:374,0
DA:375,0
DA:376,0
DA:377,0
DA:378,0
DA:379,0
DA:383,0
DA:388,0
DA:389,0
DA:390,0
DA:392,0
DA:393,0
DA:394,0
DA:395,0
DA:396,0
DA:397,0
DA:398,0
DA:399,0
DA:400,0
DA:402,0
DA:403,0
DA:404,0
DA:410,0
DA:411,0
DA:412,0
DA:414,0
DA:415,0
DA:416,0
DA:418,0
DA:419,0
DA:422,0
DA:426,0
DA:427,0
DA:442,0
DA:446,0
DA:447,0
DA:462,0
DA:463,0
DA:466,0
DA:467,0
DA:468,0
DA:482,0
DA:483,0
DA:484,0
DA:486,0
DA:488,0
DA:489,0
DA:492,0
DA:493,0
DA:494,0
DA:495,0
DA:499,0
DA:500,0
DA:501,0
DA:502,0
DA:504,0
DA:505,0
DA:506,0
DA:507,0
DA:511,0
DA:512,0
DA:513,0
DA:514,0
DA:516,0
DA:517,0
DA:518,0
DA:519,0
DA:524,0
DA:525,0
DA:528,0
DA:529,0
DA:531,0
DA:536,0
DA:537,0
DA:539,0
DA:540,0
DA:541,0
DA:547,0
DA:548,0
DA:550,0
DA:555,0
DA:556,0
DA:559,0
DA:560,0
DA:561,0
DA:567,0
DA:568,0
DA:570,0
DA:575,0
DA:576,0
DA:578,0
DA:582,0
DA:584,0
DA:585,0
DA:586,0
DA:588,0
DA:592,0
DA:593,0
DA:595,0
DA:596,0
DA:598,0
DA:600,0
DA:602,0
DA:603,0
DA:605,0
DA:606,0
DA:607,0
DA:609,0
DA:611,0
DA:612,0
DA:614,0
DA:617,0
DA:621,25
DA:628,0
DA:641,0
DA:662,0
DA:663,0
DA:675,0
DA:677,0
DA:678,0
DA:679,0
DA:680,0
DA:681,0
DA:683,0
DA:686,0
DA:688,0
DA:689,0
DA:692,0
DA:694,0
DA:695,0
DA:697,0
DA:698,0
DA:700,0
DA:703,0
DA:705,0
DA:710,0
DA:711,0
DA:712,0
DA:715,0
DA:716,0
DA:717,0
DA:718,0
DA:719,0
DA:720,0
DA:721,0
DA:725,0
DA:728,0
DA:729,0
DA:730,0
DA:731,0
DA:732,0
DA:734,0
DA:735,0
DA:736,0
DA:738,0
DA:740,0
DA:741,0
DA:742,0
DA:743,0
DA:754,0
DA:755,0
DA:756,0
DA:757,0
DA:758,0
DA:760,0
DA:763,0
DA:764,0
DA:765,0
DA:767,0
DA:769,0
DA:774,0
DA:775,0
DA:776,0
DA:784,0
DA:785,0
DA:786,0
DA:788,0
DA:789,0
DA:791,0
DA:792,0
DA:796,0
DA:797,0
DA:804,0
DA:805,0
DA:808,0
DA:809,0
DA:816,0
DA:817,0
DA:818,0
DA:824,0
DA:829,0
DA:832,0
DA:833,0
DA:834,0
DA:836,0
DA:843,0
DA:844,0
DA:846,0
DA:851,0
DA:858,0
DA:859,0
DA:862,0
DA:863,0
DA:864,0
DA:865,0
DA:866,0
DA:872,0
DA:873,0
DA:874,0
DA:875,0
DA:876,0
DA:877,0
DA:878,0
DA:882,0
DA:883,0
DA:884,0
DA:885,0
DA:886,0
DA:891,25
DA:897,0
DA:908,0
DA:912,0
DA:917,0
DA:918,0
DA:924,0
DA:925,0
DA:928,0
DA:930,0
DA:932,0
DA:933,0
DA:934,0
DA:936,0
DA:937,0
DA:938,0
DA:940,0
DA:941,0
DA:942,0
DA:943,0
DA:948,0
DA:957,0
DA:961,0
DA:966,0
DA:968,0
DA:969,0
DA:970,0
DA:971,0
DA:975,0
DA:977,0
DA:979,0
DA:980,0
DA:981,0
DA:982,0
DA:984,0
DA:987,0
DA:990,0
DA:991,0
DA:992,0
DA:993,0
DA:994,0
DA:995,0
DA:996,0
DA:1002,0
LF:373
LH:2
end_of_record
SF:lib/components/dialog.dart
DA:16,0
DA:22,0
DA:23,0
DA:26,0
DA:28,0
DA:36,0
DA:70,0
DA:72,0
DA:107,0
DA:108,0
DA:109,0
DA:112,0
DA:113,0
DA:115,0
DA:116,0
DA:117,0
DA:144,0
DA:146,0
DA:148,0
DA:159,0
DA:162,0
DA:194,0
DA:227,0
DA:228,0
DA:229,0
DA:233,0
DA:334,0
DA:335,0
DA:342,0
DA:344,0
DA:346,0
DA:347,0
DA:348,0
DA:351,0
DA:352,0
DA:353,0
DA:354,0
DA:356,0
DA:358,0
DA:359,0
DA:360,0
DA:361,0
DA:365,0
DA:366,0
DA:367,0
DA:368,0
DA:370,0
DA:374,0
DA:375,0
DA:376,0
DA:377,0
DA:382,0
DA:389,0
DA:396,0
DA:397,0
DA:398,0
DA:400,0
DA:401,0
DA:402,0
DA:403,0
DA:404,0
DA:405,0
DA:407,0
DA:409,0
DA:413,0
DA:414,0
DA:415,0
DA:417,0
DA:421,0
DA:428,0
DA:430,0
DA:431,0
DA:432,0
DA:437,0
DA:439,0
DA:440,0
DA:441,0
DA:442,0
DA:445,0
DA:446,0
DA:447,0
DA:448,0
DA:449,0
DA:450,0
DA:458,0
DA:459,0
DA:460,0
DA:461,0
DA:464,0
DA:465,0
DA:466,0
DA:467,0
DA:469,0
DA:470,0
DA:474,0
DA:480,0
DA:481,0
DA:488,0
DA:489,0
DA:490,0
DA:491,0
DA:493,0
DA:494,0
DA:495,0
DA:496,0
DA:497,0
DA:498,0
DA:502,0
DA:503,0
DA:504,0
DA:506,0
DA:507,0
DA:508,0
DA:509,0
DA:510,0
DA:511,0
DA:515,0
DA:521,0
DA:522,0
DA:523,0
DA:525,0
DA:526,0
DA:527,0
DA:530,0
DA:532,0
DA:533,0
DA:534,0
DA:535,0
DA:539,0
DA:541,0
DA:543,0
DA:544,0
DA:549,0
DA:550,0
DA:551,0
DA:554,0
DA:555,0
DA:556,0
DA:561,0
DA:562,0
DA:564,0
DA:567,0
DA:568,0
DA:570,0
DA:573,0
DA:577,0
DA:579,0
DA:580,0
DA:582,0
DA:583,0
DA:586,0
DA:589,0
DA:590,0
DA:593,0
DA:595,0
DA:596,0
DA:597,0
DA:598,0
DA:599,0
DA:601,0
DA:602,0
DA:604,0
DA:606,0
DA:607,0
DA:609,0
DA:610,0
DA:612,0
DA:613,0
DA:615,0
DA:616,0
DA:617,0
DA:618,0
DA:620,0
DA:621,0
DA:622,0
DA:624,0
DA:625,0
DA:626,0
DA:627,0
DA:629,0
DA:630,0
DA:636,0
DA:637,0
DA:638,0
DA:640,0
DA:642,0
DA:646,25
DA:651,25
LF:188
LH:2
end_of_record
SF:lib/components/divider.dart
DA:17,1
DA:24,0
DA:44,1
DA:46,2
DA:48,1
DA:49,1
DA:50,1
DA:51,1
DA:52,1
DA:53,2
DA:54,1
DA:55,1
DA:57,1
DA:58,1
DA:59,1
DA:61,1
DA:62,1
DA:67,1
DA:68,1
DA:69,1
DA:70,1
DA:75,1
DA:84,1
DA:85,1
DA:86,0
DA:91,1
DA:96,1
DA:97,1
DA:98,1
DA:99,2
DA:100,2
DA:104,2
DA:105,1
DA:108,0
DA:109,0
DA:110,0
DA:111,0
DA:112,0
DA:117,0
DA:120,0
DA:121,0
DA:122,0
DA:123,0
DA:124,0
DA:126,0
DA:127,0
DA:133,1
DA:137,1
DA:138,1
DA:139,1
DA:140,1
DA:154,1
DA:156,2
DA:157,1
DA:158,5
DA:164,0
DA:165,0
DA:166,0
DA:167,0
DA:168,0
DA:169,0
DA:172,0
DA:174,0
DA:175,0
DA:176,0
DA:180,25
DA:188,0
DA:192,0
LF:68
LH:41
end_of_record
SF:lib/styles/components/divider_theme.dart
DA:14,0
DA:18,0
DA:20,0
DA:25,0
DA:26,0
DA:27,0
DA:29,0
DA:38,0
DA:40,0
DA:41,0
DA:44,0
DA:45,0
DA:47,0
DA:49,0
DA:52,0
DA:54,0
DA:55,0
DA:60,22
DA:70,22
DA:71,22
DA:73,22
DA:74,22
DA:77,44
DA:79,22
DA:85,22
DA:105,0
DA:115,0
DA:116,0
DA:117,0
DA:118,0
DA:119,0
DA:120,0
DA:121,0
DA:123,0
DA:125,0
DA:129,0
DA:133,0
DA:134,0
DA:135,0
DA:136,0
DA:137,0
DA:138,0
DA:139,0
DA:140,0
DA:141,0
DA:145,0
DA:147,0
DA:148,0
DA:149,0
DA:150,0
DA:151,0
DA:152,0
DA:153,0
DA:155,0
DA:156,0
DA:157,0
DA:161,0
DA:163,0
DA:164,0
DA:165,0
DA:166,0
DA:167,0
DA:168,0
DA:169,0
DA:170,0
DA:171,0
DA:174,0
DA:177,0
DA:182,0
DA:185,0
DA:186,0
DA:187,0
DA:188,0
DA:189,0
DA:190,0
DA:191,0
DA:192,0
DA:193,0
DA:196,0
DA:198,0
DA:199,0
DA:200,0
DA:201,0
DA:202,0
DA:203,0
DA:204,0
DA:206,0
DA:208,0
DA:210,0
DA:211,0
DA:213,0
DA:214,0
DA:216,0
LF:93
LH:8
end_of_record
SF:lib/components/empty.dart
DA:18,1
DA:27,0
DA:54,1
DA:56,2
DA:57,1
DA:59,1
DA:60,1
DA:61,1
DA:64,1
DA:65,1
DA:66,1
DA:67,1
DA:68,1
DA:74,1
DA:75,1
DA:76,1
DA:79,2
DA:80,1
DA:83,1
DA:84,2
DA:85,2
DA:86,2
DA:90,1
DA:91,3
DA:93,1
DA:94,2
DA:95,1
DA:96,1
DA:97,1
DA:98,1
DA:99,1
DA:100,1
DA:107,1
DA:108,1
DA:109,1
DA:110,2
DA:111,1
DA:116,1
DA:117,1
DA:122,2
DA:123,1
DA:126,0
DA:129,0
DA:130,0
DA:131,0
DA:133,0
DA:134,0
DA:139,25
DA:146,3
LF:49
LH:42
end_of_record
SF:lib/styles/components/empty_theme.dart
DA:14,0
DA:18,0
DA:20,0
DA:25,0
DA:26,0
DA:27,0
DA:29,0
DA:38,0
DA:40,0
DA:41,0
DA:44,0
DA:45,0
DA:47,0
DA:49,0
DA:52,0
DA:54,0
DA:55,0
DA:60,22
DA:71,22
DA:72,22
DA:74,22
DA:75,22
DA:76,22
DA:77,22
DA:83,44
DA:84,22
DA:88,22
DA:108,0
DA:118,0
DA:119,0
DA:120,0
DA:121,0
DA:122,0
DA:123,0
DA:124,0
DA:126,0
DA:127,0
DA:131,0
DA:135,0
DA:136,0
DA:137,0
DA:138,0
DA:139,0
DA:140,0
DA:141,0
DA:142,0
DA:143,0
DA:147,0
DA:149,0
DA:150,0
DA:151,0
DA:153,0
DA:155,0
DA:156,0
DA:158,0
DA:160,0
DA:161,0
DA:165,0
DA:167,0
DA:168,0
DA:169,0
DA:170,0
DA:171,0
DA:172,0
DA:173,0
DA:174,0
DA:175,0
DA:178,0
DA:181,0
DA:186,0
DA:189,0
DA:190,0
DA:191,0
DA:192,0
DA:193,0
DA:194,0
DA:195,0
DA:196,0
DA:197,0
DA:200,0
DA:202,0
DA:204,0
DA:206,0
DA:207,0
DA:209,0
DA:210,0
DA:212,0
DA:213,0
DA:215,0
DA:216,0
DA:218,0
DA:219,0
DA:221,0
DA:222,0
DA:224,0
LF:95
LH:10
end_of_record
SF:lib/components/field.dart
DA:27,0
DA:82,0
DA:83,0
DA:84,0
DA:265,0
DA:266,0
DA:269,0
DA:270,0
DA:273,0
DA:274,0
DA:277,0
DA:278,0
DA:291,0
DA:293,0
DA:295,0
DA:296,0
DA:297,0
DA:298,0
DA:300,0
DA:301,0
DA:302,0
DA:306,0
DA:307,0
DA:308,0
DA:309,0
DA:310,0
DA:311,0
DA:314,0
DA:315,0
DA:317,0
DA:318,0
DA:320,0
DA:322,0
DA:325,0
DA:327,0
DA:328,0
DA:329,0
DA:330,0
DA:331,0
DA:334,0
DA:335,0
DA:336,0
DA:337,0
DA:340,0
DA:342,0
DA:343,0
DA:345,0
DA:348,0
DA:349,0
DA:350,0
DA:351,0
DA:352,0
DA:353,0
DA:354,0
DA:359,0
DA:360,0
DA:362,0
DA:364,0
DA:365,0
DA:367,0
DA:370,0
DA:371,0
DA:372,0
DA:373,0
DA:374,0
DA:375,0
DA:376,0
DA:377,0
DA:378,0
DA:379,0
DA:380,0
DA:384,0
DA:385,0
DA:386,0
DA:387,0
DA:388,0
DA:389,0
DA:390,0
DA:391,0
DA:393,0
DA:397,0
DA:398,0
DA:399,0
DA:400,0
DA:406,0
DA:407,0
DA:408,0
DA:409,0
DA:411,0
DA:415,0
DA:416,0
DA:422,0
DA:423,0
DA:424,0
DA:428,0
DA:429,0
DA:430,0
DA:433,0
DA:434,0
DA:435,0
DA:436,0
DA:441,0
DA:442,0
DA:443,0
DA:444,0
DA:445,0
DA:446,0
DA:448,0
DA:449,0
DA:450,0
DA:452,0
DA:458,0
DA:459,0
DA:460,0
DA:461,0
DA:462,0
DA:467,0
DA:468,0
DA:469,0
DA:471,0
DA:472,0
DA:473,0
DA:476,0
DA:477,0
DA:481,0
DA:482,0
DA:483,0
DA:484,0
DA:486,0
DA:491,0
DA:493,0
DA:504,0
DA:505,0
DA:508,0
DA:509,0
DA:513,0
DA:515,0
DA:516,0
DA:517,0
DA:518,0
DA:519,0
DA:520,0
DA:522,0
DA:523,0
DA:530,0
DA:531,0
DA:532,0
DA:533,0
DA:536,0
DA:537,0
DA:540,0
DA:541,0
DA:542,0
DA:543,0
DA:549,0
DA:550,0
DA:551,0
DA:553,0
DA:556,0
DA:557,0
DA:560,0
DA:561,0
DA:562,0
DA:566,0
DA:567,0
DA:568,0
DA:572,0
DA:574,0
DA:575,0
DA:576,0
DA:577,0
DA:578,0
DA:582,0
DA:586,0
DA:587,0
DA:588,0
DA:589,0
DA:593,0
DA:599,0
DA:600,0
DA:601,0
DA:604,0
DA:605,0
DA:607,0
DA:608,0
DA:611,0
DA:619,0
DA:621,0
DA:623,0
DA:624,0
DA:625,0
DA:626,0
DA:627,0
DA:630,0
DA:631,0
DA:632,0
DA:633,0
DA:636,0
DA:638,0
DA:640,0
DA:641,0
DA:642,0
DA:647,0
DA:650,0
DA:652,0
DA:653,0
DA:658,0
DA:659,0
DA:660,0
DA:661,0
DA:662,0
DA:663,0
DA:664,0
DA:665,0
DA:668,0
DA:670,0
DA:674,0
DA:675,0
DA:676,0
DA:677,0
DA:687,0
DA:688,0
DA:689,0
DA:690,0
DA:691,0
DA:692,0
DA:693,0
DA:694,0
DA:697,0
DA:702,0
DA:703,0
DA:704,0
DA:705,0
DA:714,0
DA:715,0
DA:716,0
DA:717,0
DA:720,0
DA:721,0
DA:733,0
DA:734,0
DA:738,0
DA:739,0
DA:741,0
DA:743,0
DA:744,0
DA:748,0
DA:749,0
DA:763,0
DA:765,0
DA:766,0
DA:767,0
DA:768,0
DA:769,0
DA:775,0
DA:779,0
DA:780,0
DA:781,0
DA:782,0
DA:783,0
DA:787,0
DA:788,0
DA:792,0
DA:793,0
DA:794,0
DA:798,0
DA:801,0
DA:805,0
DA:815,0
DA:816,0
DA:819,0
DA:821,0
DA:822,0
DA:823,0
DA:825,0
DA:827,0
DA:828,0
DA:829,0
DA:831,0
DA:833,0
DA:835,0
DA:837,0
DA:838,0
DA:839,0
DA:841,0
DA:843,0
DA:845,0
DA:846,0
DA:848,0
DA:850,0
DA:852,0
DA:854,0
DA:855,0
DA:857,0
DA:858,0
DA:859,0
DA:860,0
DA:862,0
DA:863,0
DA:864,0
DA:865,0
DA:867,0
DA:868,0
DA:871,0
DA:872,0
DA:874,0
DA:875,0
DA:877,0
DA:878,0
DA:881,0
DA:882,0
DA:886,0
DA:887,0
DA:888,0
DA:890,0
DA:892,0
DA:893,0
DA:895,0
DA:897,0
DA:899,0
DA:904,0
DA:910,0
DA:916,0
DA:917,0
DA:920,0
DA:922,0
DA:923,0
DA:924,0
DA:932,0
DA:952,0
DA:961,25
DA:971,25
DA:976,25
DA:981,25
DA:987,0
DA:988,0
DA:989,0
DA:992,0
DA:993,0
DA:996,0
DA:1002,0
DA:1003,0
DA:1006,0
DA:1012,0
DA:1013,0
DA:1014,0
DA:1016,0
DA:1019,0
DA:1020,0
LF:349
LH:4
end_of_record
SF:lib/components/grid.dart
DA:10,0
DA:21,0
DA:54,0
DA:56,0
DA:57,0
DA:58,0
DA:59,0
DA:62,0
DA:63,0
DA:65,0
DA:67,0
DA:73,0
DA:76,0
DA:77,0
DA:78,0
DA:80,0
DA:82,0
DA:84,0
DA:86,0
DA:87,0
DA:88,0
DA:89,0
DA:91,0
DA:96,0
DA:100,0
DA:104,0
DA:105,0
DA:108,0
DA:110,0
LF:29
LH:0
end_of_record
SF:lib/components/grid_item.dart
DA:15,0
DA:29,0
DA:59,0
DA:61,0
DA:66,0
DA:68,0
DA:69,0
DA:70,0
DA:78,0
DA:79,0
DA:80,0
DA:81,0
DA:83,0
DA:84,0
DA:85,0
DA:86,0
DA:88,0
DA:89,0
DA:90,0
DA:91,0
DA:93,0
DA:95,0
DA:98,0
DA:99,0
DA:100,0
DA:101,0
DA:102,0
DA:106,0
DA:108,0
DA:109,0
DA:110,0
DA:113,0
DA:116,0
DA:117,0
DA:128,0
DA:129,0
DA:131,0
DA:132,0
DA:135,0
DA:136,0
DA:137,0
DA:138,0
DA:139,0
DA:140,0
DA:141,0
DA:147,0
DA:148,0
DA:149,0
DA:152,0
DA:153,0
DA:159,0
DA:160,0
DA:161,0
DA:164,0
DA:165,0
DA:167,0
DA:173,0
DA:178,0
DA:180,0
DA:181,0
DA:182,0
DA:183,0
DA:184,0
DA:185,0
LF:64
LH:0
end_of_record
SF:lib/styles/components/image_theme.dart
DA:14,0
DA:18,0
DA:20,0
DA:25,0
DA:26,0
DA:27,0
DA:29,0
DA:38,0
DA:40,0
DA:41,0
DA:44,0
DA:45,0
DA:47,0
DA:49,0
DA:52,0
DA:54,0
DA:55,0
DA:60,22
DA:69,22
DA:71,22
DA:74,22
DA:76,22
DA:81,22
DA:99,0
DA:108,0
DA:109,0
DA:110,0
DA:112,0
DA:113,0
DA:114,0
DA:115,0
DA:116,0
DA:120,0
DA:124,0
DA:125,0
DA:126,0
DA:127,0
DA:128,0
DA:129,0
DA:130,0
DA:131,0
DA:135,0
DA:137,0
DA:139,0
DA:141,0
DA:142,0
DA:143,0
DA:144,0
DA:145,0
DA:146,0
DA:147,0
DA:151,0
DA:153,0
DA:154,0
DA:155,0
DA:156,0
DA:157,0
DA:158,0
DA:159,0
DA:160,0
DA:163,0
DA:166,0
DA:171,0
DA:174,0
DA:175,0
DA:176,0
DA:177,0
DA:178,0
DA:179,0
DA:180,0
DA:181,0
DA:184,0
DA:186,0
DA:187,0
DA:189,0
DA:190,0
DA:192,0
DA:193,0
DA:195,0
DA:196,0
DA:198,0
DA:199,0
DA:201,0
DA:203,0
DA:205,0
LF:85
LH:6
end_of_record
SF:lib/components/index_bar.dart
DA:7,0
DA:16,0
DA:42,0
DA:44,0
DA:45,0
DA:46,0
DA:47,0
DA:53,0
DA:56,0
DA:58,0
DA:60,0
DA:61,0
DA:64,0
DA:67,0
LF:14
LH:0
end_of_record
SF:lib/components/list.dart
DA:13,0
DA:32,0
DA:33,0
DA:88,0
DA:89,0
DA:96,0
DA:98,0
DA:100,0
DA:101,0
DA:104,0
DA:107,0
DA:109,0
DA:111,0
DA:114,0
DA:116,0
DA:117,0
DA:118,0
DA:119,0
DA:120,0
DA:122,0
DA:125,0
DA:127,0
DA:128,0
DA:131,0
DA:132,0
DA:133,0
DA:134,0
DA:137,0
DA:138,0
DA:139,0
DA:141,0
DA:142,0
DA:148,0
DA:149,0
DA:150,0
DA:151,0
DA:157,0
DA:158,0
DA:163,0
DA:165,0
DA:166,0
DA:169,0
DA:170,0
DA:174,0
DA:175,0
DA:176,0
DA:178,0
DA:179,0
DA:185,0
DA:186,0
DA:187,0
DA:189,0
DA:192,0
DA:193,0
DA:195,0
DA:196,0
DA:200,0
DA:202,0
DA:203,0
DA:204,0
DA:206,0
DA:209,0
DA:221,0
DA:226,0
DA:228,0
DA:229,0
DA:230,0
DA:231,0
DA:233,0
DA:236,0
DA:237,0
DA:238,0
DA:251,0
DA:256,0
DA:258,0
DA:259,0
DA:262,0
DA:269,0
DA:270,0
DA:272,0
DA:278,0
DA:283,0
DA:285,0
DA:287,0
DA:288,0
DA:289,0
DA:291,0
DA:294,0
DA:296,0
DA:297,0
DA:298,0
DA:299,0
DA:301,0
DA:302,0
DA:305,0
DA:310,25
LF:96
LH:1
end_of_record
SF:lib/styles/components/loading_theme.dart
DA:11,0
DA:15,0
DA:17,0
DA:22,0
DA:23,0
DA:24,0
DA:26,0
DA:35,0
DA:37,0
DA:38,0
DA:41,0
DA:42,0
DA:44,0
DA:46,0
DA:49,0
DA:51,0
DA:52,0
DA:57,22
DA:64,22
DA:66,22
DA:68,22
DA:74,22
DA:88,0
DA:95,0
DA:96,0
DA:97,0
DA:98,0
DA:99,0
DA:101,0
DA:105,0
DA:109,0
DA:110,0
DA:111,0
DA:112,0
DA:113,0
DA:114,0
DA:118,0
DA:120,0
DA:121,0
DA:122,0
DA:123,0
DA:124,0
DA:130,0
DA:132,0
DA:133,0
DA:134,0
DA:135,0
DA:136,0
DA:137,0
DA:140,0
DA:143,0
DA:148,0
DA:151,0
DA:152,0
DA:153,0
DA:154,0
DA:155,0
DA:156,0
DA:159,0
DA:161,0
DA:162,0
DA:163,0
DA:165,0
DA:167,0
DA:169,0
DA:170,0
DA:172,0
LF:67
LH:5
end_of_record
SF:lib/components/nav_bar.dart
DA:16,2
DA:29,1
DA:70,1
DA:72,2
DA:74,1
DA:75,4
DA:76,3
DA:79,1
DA:80,1
DA:82,1
DA:83,1
DA:84,1
DA:89,1
DA:90,1
DA:91,1
DA:93,1
DA:95,1
DA:96,1
DA:97,2
DA:105,1
DA:106,1
DA:107,1
DA:109,1
DA:110,1
DA:111,1
DA:112,1
DA:113,1
DA:114,1
DA:125,1
DA:126,1
DA:128,1
DA:129,1
DA:130,1
DA:135,1
DA:136,1
DA:137,1
DA:139,1
DA:141,1
DA:142,1
DA:143,2
DA:151,1
DA:152,1
DA:153,1
DA:155,1
DA:156,1
DA:157,1
DA:158,1
DA:162,1
DA:171,1
DA:172,1
DA:173,2
DA:175,1
DA:176,1
DA:177,0
DA:178,0
DA:180,0
DA:181,0
DA:183,0
DA:187,2
DA:188,1
DA:189,1
DA:190,1
DA:191,1
DA:192,1
DA:198,1
DA:201,1
DA:202,1
DA:203,2
DA:206,1
DA:207,1
DA:208,1
DA:209,1
DA:216,1
DA:219,1
DA:223,1
DA:225,2
DA:226,1
DA:227,1
DA:228,1
DA:230,1
DA:231,1
DA:232,1
DA:234,1
LF:83
LH:78
end_of_record
SF:lib/styles/components/nav_bar_theme.dart
DA:11,0
DA:15,0
DA:17,0
DA:22,0
DA:23,0
DA:24,0
DA:26,0
DA:35,0
DA:37,0
DA:38,0
DA:41,0
DA:42,0
DA:44,0
DA:46,0
DA:49,0
DA:51,0
DA:52,0
DA:57,22
DA:66,22
DA:67,22
DA:69,22
DA:72,22
DA:77,22
DA:95,0
DA:104,0
DA:105,0
DA:106,0
DA:107,0
DA:108,0
DA:109,0
DA:110,0
DA:111,0
DA:115,0
DA:119,0
DA:120,0
DA:121,0
DA:122,0
DA:123,0
DA:124,0
DA:125,0
DA:126,0
DA:130,0
DA:132,0
DA:133,0
DA:134,0
DA:135,0
DA:136,0
DA:137,0
DA:138,0
DA:139,0
DA:143,0
DA:145,0
DA:146,0
DA:147,0
DA:148,0
DA:149,0
DA:150,0
DA:151,0
DA:152,0
DA:155,0
DA:158,0
DA:163,0
DA:166,0
DA:167,0
DA:168,0
DA:169,0
DA:170,0
DA:171,0
DA:172,0
DA:173,0
DA:176,0
DA:179,0
DA:180,0
DA:181,0
DA:183,0
DA:185,0
DA:186,0
DA:187,0
DA:188,0
DA:189,0
DA:191,0
DA:193,0
LF:82
LH:6
end_of_record
SF:lib/components/notice_bar.dart
DA:18,2
DA:36,1
DA:37,1
DA:38,1
DA:94,1
DA:95,1
DA:110,1
DA:111,4
DA:112,2
DA:113,3
DA:118,1
DA:120,2
DA:121,2
DA:122,2
DA:125,2
DA:127,2
DA:128,1
DA:131,1
DA:133,1
DA:134,2
DA:135,1
DA:137,1
DA:140,0
DA:142,0
DA:143,0
DA:144,0
DA:146,0
DA:149,1
DA:150,5
DA:152,1
DA:154,3
DA:155,2
DA:156,2
DA:157,3
DA:161,4
DA:163,4
DA:165,4
DA:166,1
DA:169,1
DA:170,2
DA:171,5
DA:172,3
DA:173,1
DA:174,1
DA:175,2
DA:178,2
DA:183,1
DA:186,2
DA:188,1
DA:189,1
DA:190,3
DA:193,1
DA:194,3
DA:197,3
DA:199,1
DA:200,3
DA:201,3
DA:203,1
DA:205,1
DA:206,1
DA:207,2
DA:208,1
DA:209,1
DA:214,1
DA:216,3
DA:218,1
DA:219,1
DA:220,1
DA:226,1
DA:227,3
DA:228,1
DA:229,1
DA:230,1
DA:231,2
DA:232,1
DA:233,2
DA:234,2
DA:235,2
DA:241,3
DA:242,1
DA:243,1
DA:247,1
DA:248,1
DA:249,1
DA:250,1
DA:251,2
DA:261,1
DA:262,1
DA:269,1
DA:274,1
DA:275,1
DA:276,1
DA:283,1
DA:284,2
DA:285,2
DA:288,4
DA:289,0
DA:292,0
DA:293,0
DA:294,0
DA:295,0
DA:296,0
DA:302,1
DA:303,2
DA:304,2
DA:307,1
DA:308,1
DA:311,1
DA:312,1
DA:313,1
DA:314,1
DA:315,3
DA:321,1
DA:322,3
DA:323,3
DA:324,2
DA:325,3
DA:330,1
DA:331,3
DA:335,3
DA:340,1
DA:342,4
DA:343,4
DA:344,4
DA:345,1
DA:346,3
DA:348,4
DA:349,4
DA:351,4
DA:352,4
DA:354,1
DA:355,3
DA:356,1
DA:357,3
DA:358,1
DA:363,26
LF:136
LH:125
end_of_record
SF:lib/styles/components/notice_bar_theme.dart
DA:11,0
DA:15,0
DA:17,0
DA:22,0
DA:23,0
DA:24,0
DA:26,0
DA:35,0
DA:37,0
DA:38,0
DA:41,0
DA:43,0
DA:45,0
DA:47,0
DA:50,0
DA:52,0
DA:53,0
DA:58,22
DA:69,22
DA:70,22
DA:71,22
DA:73,22
DA:74,22
DA:76,22
DA:77,22
DA:78,22
DA:81,44
DA:83,22
DA:84,22
DA:88,22
DA:110,0
DA:121,0
DA:122,0
DA:123,0
DA:124,0
DA:125,0
DA:126,0
DA:127,0
DA:128,0
DA:129,0
DA:130,0
DA:134,0
DA:138,0
DA:139,0
DA:140,0
DA:141,0
DA:142,0
DA:143,0
DA:144,0
DA:145,0
DA:146,0
DA:147,0
DA:151,0
DA:153,0
DA:154,0
DA:155,0
DA:157,0
DA:158,0
DA:159,0
DA:160,0
DA:161,0
DA:162,0
DA:163,0
DA:167,0
DA:169,0
DA:170,0
DA:171,0
DA:172,0
DA:173,0
DA:174,0
DA:175,0
DA:176,0
DA:177,0
DA:178,0
DA:181,0
DA:184,0
DA:189,0
DA:192,0
DA:193,0
DA:194,0
DA:195,0
DA:196,0
DA:197,0
DA:198,0
DA:199,0
DA:200,0
DA:201,0
DA:204,0
DA:207,0
DA:208,0
DA:210,0
DA:211,0
DA:213,0
DA:214,0
DA:215,0
DA:216,0
DA:217,0
DA:219,0
DA:220,0
DA:222,0
DA:223,0
DA:224,0
DA:226,0
LF:103
LH:13
end_of_record
SF:lib/components/number_keyboard.dart
DA:17,0
DA:44,0
DA:125,0
DA:126,0
DA:131,0
DA:133,0
DA:134,0
DA:136,0
DA:139,0
DA:141,0
DA:144,0
DA:146,0
DA:147,0
DA:148,0
DA:150,0
DA:152,0
DA:155,0
DA:156,0
DA:157,0
DA:158,0
DA:161,0
DA:162,0
DA:167,0
DA:168,0
DA:169,0
DA:170,0
DA:171,0
DA:174,0
DA:178,0
DA:179,0
DA:184,0
DA:185,0
DA:186,0
DA:188,0
DA:194,0
DA:196,0
DA:198,0
DA:200,0
DA:201,0
DA:202,0
DA:203,0
DA:204,0
DA:205,0
DA:206,0
DA:210,0
DA:213,0
DA:222,0
DA:227,0
DA:228,0
DA:229,0
DA:231,0
DA:236,0
DA:238,0
DA:239,0
DA:240,0
DA:243,0
DA:244,0
DA:251,0
DA:253,0
DA:255,0
DA:259,0
DA:261,0
DA:262,0
DA:263,0
DA:267,0
DA:268,0
DA:283,0
DA:284,0
DA:286,0
DA:287,0
DA:290,0
DA:291,0
DA:293,0
DA:294,0
DA:295,0
DA:297,0
DA:298,0
DA:299,0
DA:300,0
DA:301,0
DA:302,0
DA:305,0
DA:308,0
DA:310,0
DA:311,0
DA:312,0
DA:316,0
DA:317,0
DA:318,0
DA:319,0
DA:320,0
DA:321,0
DA:322,0
DA:324,0
DA:326,0
DA:330,0
DA:331,0
DA:332,0
DA:334,0
DA:337,0
DA:338,0
DA:348,0
DA:349,0
DA:350,0
DA:351,0
DA:356,0
DA:357,0
DA:358,0
DA:360,0
DA:361,0
DA:363,0
DA:366,0
DA:367,0
DA:368,0
DA:369,0
DA:372,0
DA:373,0
DA:374,0
DA:376,0
DA:377,0
DA:379,0
DA:380,0
DA:381,0
DA:382,0
DA:383,0
DA:385,0
DA:386,0
DA:391,0
DA:393,0
DA:394,0
DA:395,0
DA:400,0
DA:401,0
DA:402,0
DA:403,0
DA:404,0
DA:405,0
DA:406,0
DA:407,0
DA:411,0
DA:412,0
DA:413,0
DA:414,0
DA:416,0
DA:419,0
DA:420,0
DA:422,0
DA:428,0
DA:429,0
DA:431,0
DA:433,0
DA:434,0
DA:435,0
DA:436,0
DA:437,0
DA:439,0
DA:440,0
DA:441,0
DA:442,0
DA:443,0
DA:444,0
DA:446,0
DA:447,0
DA:448,0
DA:449,0
DA:451,0
DA:456,0
DA:459,0
DA:460,0
DA:463,0
DA:464,0
DA:466,0
DA:467,0
DA:470,0
DA:475,25
DA:487,25
DA:493,0
DA:503,0
DA:519,0
DA:520,0
DA:526,0
DA:527,0
DA:528,0
DA:529,0
DA:533,0
DA:535,0
DA:537,0
DA:539,0
DA:540,0
DA:542,0
DA:543,0
DA:544,0
DA:546,0
DA:550,0
DA:551,0
DA:552,0
DA:554,0
DA:555,0
DA:556,0
DA:557,0
DA:560,0
DA:567,0
DA:568,0
DA:569,0
DA:573,0
DA:576,0
DA:577,0
DA:583,0
DA:584,0
DA:590,0
DA:591,0
DA:596,0
DA:597,0
DA:598,0
DA:599,0
DA:600,0
DA:601,0
DA:608,0
DA:618,0
DA:629,25
DA:635,25
LF:221
LH:4
end_of_record
SF:lib/components/overlay.dart
DA:12,0
DA:19,0
DA:41,0
DA:42,0
DA:49,0
DA:51,0
DA:52,0
DA:54,0
DA:57,0
DA:59,0
DA:60,0
DA:63,0
DA:65,0
DA:66,0
DA:67,0
DA:70,0
DA:73,0
DA:74,0
DA:75,0
DA:79,0
DA:80,0
DA:81,0
DA:87,0
DA:88,0
DA:89,0
DA:90,0
DA:92,0
DA:93,0
DA:94,0
DA:95,0
DA:96,0
DA:97,0
DA:98,0
DA:106,0
DA:109,0
DA:110,0
DA:113,0
DA:114,0
DA:115,0
DA:119,0
DA:124,0
DA:126,0
DA:127,0
DA:128,0
DA:130,0
DA:131,0
LF:46
LH:0
end_of_record
SF:lib/components/pagination.dart
DA:15,0
DA:31,0
DA:78,0
DA:79,0
DA:83,0
DA:85,0
DA:86,0
DA:88,0
DA:91,0
DA:93,0
DA:97,0
DA:98,0
DA:99,0
DA:101,0
DA:102,0
DA:103,0
DA:104,0
DA:105,0
DA:107,0
DA:108,0
DA:109,0
DA:110,0
DA:111,0
DA:112,0
DA:113,0
DA:115,0
DA:116,0
DA:117,0
DA:119,0
DA:121,0
DA:122,0
DA:123,0
DA:130,0
DA:131,0
DA:132,0
DA:133,0
DA:136,0
DA:140,0
DA:148,0
DA:149,0
DA:150,0
DA:151,0
DA:155,0
DA:156,0
DA:157,0
DA:158,0
DA:159,0
DA:162,0
DA:163,0
DA:164,0
DA:165,0
DA:166,0
DA:172,0
DA:176,0
DA:177,0
DA:180,0
DA:182,0
DA:187,0
DA:189,0
DA:190,0
DA:194,0
DA:195,0
DA:196,0
DA:197,0
DA:200,0
DA:201,0
DA:202,0
DA:209,0
DA:211,0
DA:212,0
DA:214,0
DA:215,0
DA:216,0
DA:218,0
DA:220,0
DA:222,0
DA:224,0
DA:225,0
DA:228,0
DA:233,25
DA:239,0
DA:250,0
DA:251,0
DA:255,0
DA:263,0
DA:274,0
DA:275,0
DA:281,0
DA:282,0
DA:285,0
DA:286,0
DA:289,0
DA:291,0
DA:293,0
DA:297,0
DA:299,0
DA:303,0
DA:310,0
DA:311,0
DA:312,0
DA:313,0
DA:314,0
DA:315,0
DA:318,0
DA:319,0
DA:320,0
DA:321,0
DA:322,0
DA:323,0
DA:324,0
DA:325,0
DA:327,0
DA:328,0
DA:329,0
DA:330,0
DA:331,0
DA:335,0
DA:336,0
DA:340,0
DA:342,0
DA:349,0
DA:350,0
DA:351,0
DA:354,0
LF:124
LH:1
end_of_record
SF:lib/components/password_input.dart
DA:12,0
DA:22,0
DA:23,0
DA:52,0
DA:54,0
DA:56,0
DA:57,0
DA:58,0
DA:59,0
DA:60,0
DA:62,0
DA:65,0
DA:67,0
DA:68,0
DA:69,0
DA:70,0
DA:71,0
DA:73,0
DA:74,0
DA:78,0
DA:84,0
DA:85,0
DA:88,0
DA:90,0
DA:92,0
DA:99,0
DA:105,0
DA:106,0
DA:107,0
DA:111,0
DA:112,0
DA:113,0
DA:114,0
DA:115,0
DA:116,0
DA:119,0
DA:120,0
DA:122,0
DA:132,0
DA:139,0
DA:140,0
DA:141,0
DA:142,0
DA:156,0
DA:158,0
DA:160,0
DA:161,0
DA:162,0
DA:164,0
DA:165,0
DA:167,0
DA:168,0
DA:170,0
DA:175,25
DA:177,0
DA:178,0
DA:184,0
DA:186,0
DA:187,0
DA:190,0
DA:191,0
DA:194,0
DA:196,0
DA:197,0
DA:200,0
DA:202,0
DA:203,0
DA:204,0
DA:206,0
LF:69
LH:1
end_of_record
SF:lib/components/progress.dart
DA:12,1
DA:25,0
DA:26,0
DA:66,1
DA:68,2
DA:70,1
DA:71,2
DA:72,1
DA:73,1
DA:74,4
DA:75,1
DA:77,1
DA:78,1
DA:79,1
DA:80,1
DA:81,2
DA:82,2
DA:84,1
DA:86,1
DA:87,1
DA:88,1
DA:89,1
DA:90,2
DA:91,2
DA:95,1
DA:96,2
DA:98,1
DA:107,1
DA:108,4
DA:110,4
DA:111,2
DA:113,1
DA:115,1
DA:117,1
DA:118,3
DA:120,1
DA:121,2
DA:123,1
DA:124,1
DA:125,3
DA:126,2
DA:128,1
DA:130,1
DA:132,1
DA:133,2
DA:141,3
DA:143,0
DA:145,0
DA:146,0
DA:147,0
DA:148,0
DA:149,0
DA:150,0
DA:151,0
DA:152,0
DA:153,0
DA:154,0
DA:156,0
DA:157,0
DA:158,0
LF:60
LH:44
end_of_record
SF:lib/styles/components/progress_theme.dart
DA:14,0
DA:18,0
DA:20,0
DA:25,0
DA:26,0
DA:27,0
DA:29,0
DA:38,0
DA:40,0
DA:41,0
DA:44,0
DA:46,0
DA:48,0
DA:50,0
DA:53,0
DA:55,0
DA:56,0
DA:61,22
DA:71,22
DA:72,22
DA:76,44
DA:78,22
DA:84,22
DA:104,0
DA:114,0
DA:115,0
DA:116,0
DA:117,0
DA:118,0
DA:119,0
DA:120,0
DA:121,0
DA:122,0
DA:126,0
DA:130,0
DA:131,0
DA:132,0
DA:133,0
DA:134,0
DA:135,0
DA:136,0
DA:137,0
DA:138,0
DA:142,0
DA:144,0
DA:145,0
DA:146,0
DA:147,0
DA:148,0
DA:149,0
DA:150,0
DA:151,0
DA:153,0
DA:157,0
DA:159,0
DA:160,0
DA:161,0
DA:162,0
DA:163,0
DA:164,0
DA:165,0
DA:166,0
DA:167,0
DA:170,0
DA:173,0
DA:178,0
DA:181,0
DA:182,0
DA:183,0
DA:184,0
DA:185,0
DA:186,0
DA:187,0
DA:188,0
DA:189,0
DA:192,0
DA:195,0
DA:197,0
DA:198,0
DA:199,0
DA:201,0
DA:203,0
DA:205,0
DA:207,0
DA:208,0
DA:210,0
DA:211,0
DA:213,0
LF:88
LH:6
end_of_record
SF:lib/components/radio_group.dart
DA:7,0
DA:17,0
DA:46,0
DA:48,0
DA:50,0
DA:52,0
DA:53,0
DA:54,0
DA:60,0
DA:61,0
DA:62,0
DA:66,0
DA:68,0
DA:69,0
DA:70,0
DA:71,0
DA:73,0
DA:74,0
DA:76,0
DA:81,0
DA:85,0
DA:89,0
DA:90,0
DA:93,0
DA:95,0
LF:25
LH:0
end_of_record
SF:lib/components/rate.dart
DA:15,0
DA:33,0
DA:34,0
DA:86,0
DA:87,0
DA:95,0
DA:97,0
DA:98,0
DA:99,0
DA:102,0
DA:104,0
DA:105,0
DA:107,0
DA:110,0
DA:112,0
DA:113,0
DA:114,0
DA:115,0
DA:116,0
DA:124,0
DA:125,0
DA:126,0
DA:127,0
DA:129,0
DA:131,0
DA:132,0
DA:133,0
DA:134,0
DA:135,0
DA:136,0
DA:138,0
DA:139,0
DA:140,0
DA:141,0
DA:143,0
DA:144,0
DA:145,0
DA:146,0
DA:149,0
DA:150,0
DA:153,0
DA:154,0
DA:155,0
DA:157,0
DA:158,0
DA:159,0
DA:160,0
DA:163,0
DA:164,0
DA:165,0
DA:166,0
DA:172,0
DA:178,0
DA:179,0
DA:182,0
DA:183,0
DA:184,0
DA:185,0
DA:186,0
DA:188,0
DA:190,0
DA:191,0
DA:193,0
DA:194,0
DA:195,0
DA:196,0
DA:197,0
DA:200,0
DA:205,0
DA:206,0
DA:210,0
DA:212,0
DA:215,0
DA:216,0
DA:217,0
DA:218,0
DA:221,0
DA:224,0
DA:225,0
DA:226,0
DA:230,0
DA:231,0
DA:233,0
DA:234,0
DA:237,25
DA:243,0
DA:244,0
DA:247,0
DA:254,0
DA:264,0
DA:266,0
DA:269,0
LF:92
LH:1
end_of_record
SF:lib/components/search.dart
DA:15,0
DA:47,0
DA:144,0
DA:145,0
DA:149,0
DA:151,0
DA:152,0
DA:153,0
DA:155,0
DA:156,0
DA:158,0
DA:159,0
DA:160,0
DA:161,0
DA:163,0
DA:165,0
DA:166,0
DA:167,0
DA:173,0
DA:174,0
DA:175,0
DA:176,0
DA:181,0
DA:187,0
DA:188,0
DA:189,0
DA:191,0
DA:197,0
DA:207,0
DA:208,0
DA:210,0
DA:211,0
DA:212,0
DA:213,0
DA:214,0
DA:215,0
DA:224,0
DA:225,0
DA:226,0
DA:227,0
DA:228,0
DA:229,0
DA:230,0
DA:231,0
DA:232,0
DA:233,0
DA:234,0
DA:235,0
DA:236,0
DA:237,0
DA:238,0
DA:239,0
DA:240,0
DA:241,0
DA:242,0
DA:247,0
DA:248,0
DA:249,0
DA:250,0
DA:252,0
DA:254,0
DA:262,0
DA:264,0
DA:265,0
DA:267,0
DA:268,0
DA:272,0
DA:282,0
DA:283,0
DA:284,0
DA:286,0
DA:287,0
DA:292,0
DA:293,0
DA:294,0
DA:298,0
DA:300,0
DA:301,0
DA:302,0
DA:304,0
DA:305,0
DA:307,0
DA:308,0
DA:309,0
DA:311,0
DA:312,0
DA:314,0
DA:316,0
DA:317,0
DA:318,0
DA:320,0
DA:322,0
DA:323,0
DA:325,0
DA:327,0
DA:329,0
DA:330,0
DA:333,0
DA:335,0
DA:339,25
LF:100
LH:1
end_of_record
SF:lib/components/share_sheet.dart
DA:11,0
DA:13,0
DA:14,0
DA:15,0
DA:16,0
DA:17,0
DA:18,0
DA:19,0
DA:20,0
DA:22,0
DA:23,0
DA:28,0
DA:53,0
DA:54,0
DA:55,0
DA:134,0
DA:136,0
DA:138,0
DA:139,0
DA:140,0
DA:143,0
DA:144,0
DA:145,0
DA:146,0
DA:147,0
DA:148,0
DA:149,0
DA:150,0
DA:151,0
DA:152,0
DA:153,0
DA:154,0
DA:155,0
DA:157,0
DA:158,0
DA:159,0
DA:161,0
DA:167,0
DA:168,0
DA:174,0
DA:175,0
DA:176,0
DA:177,0
DA:178,0
DA:188,0
DA:189,0
DA:190,0
DA:191,0
DA:201,0
DA:203,0
DA:205,0
DA:217,0
DA:218,0
DA:220,0
DA:224,0
DA:225,0
DA:232,0
DA:234,0
DA:235,0
DA:236,0
DA:242,0
DA:243,0
DA:244,0
DA:245,0
DA:246,0
DA:247,0
DA:253,0
DA:257,0
DA:260,0
DA:261,0
DA:262,0
DA:263,0
DA:264,0
DA:265,0
DA:270,0
DA:271,0
DA:274,0
DA:275,0
DA:276,0
DA:277,0
DA:281,0
DA:282,0
DA:283,0
DA:287,0
DA:290,0
DA:293,0
DA:294,0
DA:297,0
DA:298,0
DA:299,0
DA:301,0
DA:302,0
DA:305,0
DA:306,0
DA:307,0
DA:309,0
DA:311,0
DA:312,0
DA:314,0
DA:317,0
DA:322,0
DA:326,0
DA:331,0
DA:333,0
DA:340,0
DA:341,0
DA:344,0
DA:345,0
DA:348,0
DA:352,0
DA:354,0
DA:356,0
DA:358,0
DA:359,0
DA:360,0
DA:361,0
DA:362,0
DA:363,0
DA:366,0
DA:368,0
DA:377,0
DA:387,0
DA:391,0
DA:396,0
DA:397,0
DA:403,0
DA:404,0
DA:407,0
DA:408,0
DA:411,0
DA:413,0
DA:415,0
DA:417,0
DA:418,0
DA:419,0
DA:420,0
DA:421,0
DA:422,0
DA:423,0
DA:424,0
DA:426,0
DA:427,0
DA:431,0
DA:432,0
DA:438,0
DA:439,0
DA:443,0
DA:444,0
DA:452,0
DA:453,0
DA:454,0
DA:455,0
DA:459,0
DA:460,0
DA:468,0
DA:479,0
LF:156
LH:0
end_of_record
SF:lib/components/sidebar.dart
DA:12,2
DA:19,2
DA:39,2
DA:41,4
DA:42,2
DA:43,2
DA:44,2
DA:45,2
DA:47,2
DA:49,2
DA:55,4
DA:57,2
DA:58,4
DA:59,2
DA:60,2
DA:63,2
DA:64,4
DA:69,0
DA:71,0
DA:73,0
DA:74,0
DA:79,2
DA:83,2
DA:87,2
DA:88,2
DA:91,1
DA:93,3
LF:27
LH:23
end_of_record
SF:lib/styles/components/sidebar_theme.dart
DA:11,0
DA:15,0
DA:17,0
DA:22,0
DA:23,0
DA:24,0
DA:26,0
DA:35,0
DA:37,0
DA:38,0
DA:41,0
DA:42,0
DA:44,0
DA:46,0
DA:49,0
DA:51,0
DA:52,0
DA:57,22
DA:73,22
DA:74,22
DA:75,22
DA:77,44
DA:81,22
DA:82,44
DA:87,22
DA:88,22
DA:94,22
DA:126,0
DA:142,0
DA:143,0
DA:144,0
DA:145,0
DA:146,0
DA:147,0
DA:148,0
DA:149,0
DA:150,0
DA:151,0
DA:152,0
DA:153,0
DA:154,0
DA:155,0
DA:157,0
DA:161,0
DA:165,0
DA:166,0
DA:167,0
DA:168,0
DA:169,0
DA:170,0
DA:171,0
DA:172,0
DA:173,0
DA:174,0
DA:175,0
DA:176,0
DA:177,0
DA:178,0
DA:179,0
DA:183,0
DA:185,0
DA:186,0
DA:187,0
DA:188,0
DA:189,0
DA:191,0
DA:192,0
DA:193,0
DA:194,0
DA:196,0
DA:198,0
DA:200,0
DA:202,0
DA:204,0
DA:206,0
DA:210,0
DA:212,0
DA:213,0
DA:214,0
DA:215,0
DA:216,0
DA:217,0
DA:218,0
DA:219,0
DA:220,0
DA:221,0
DA:222,0
DA:223,0
DA:224,0
DA:225,0
DA:226,0
DA:229,0
DA:232,0
DA:237,0
DA:240,0
DA:241,0
DA:242,0
DA:243,0
DA:244,0
DA:245,0
DA:246,0
DA:247,0
DA:248,0
DA:249,0
DA:250,0
DA:251,0
DA:252,0
DA:253,0
DA:254,0
DA:257,0
DA:260,0
DA:261,0
DA:262,0
DA:263,0
DA:265,0
DA:266,0
DA:267,0
DA:268,0
DA:270,0
DA:272,0
DA:274,0
DA:275,0
DA:277,0
DA:278,0
DA:280,0
DA:281,0
DA:283,0
DA:284,0
DA:286,0
DA:287,0
DA:289,0
DA:290,0
DA:292,0
DA:293,0
DA:295,0
LF:135
LH:10
end_of_record
SF:lib/components/sidebar_item.dart
DA:14,3
DA:23,2
DA:49,2
DA:51,4
DA:56,4
DA:57,4
DA:59,4
DA:61,2
DA:62,2
DA:64,2
DA:66,2
DA:67,2
DA:68,2
DA:69,2
DA:75,2
DA:76,2
DA:80,2
DA:81,2
DA:83,2
DA:86,2
DA:87,2
DA:88,2
DA:90,2
DA:91,2
DA:92,2
DA:94,2
DA:96,0
DA:97,2
DA:99,2
DA:100,2
DA:102,2
DA:103,2
DA:104,2
DA:105,2
DA:106,2
DA:107,2
DA:110,2
DA:112,3
DA:119,2
DA:120,2
DA:121,2
DA:122,6
DA:131,0
DA:134,0
DA:135,0
DA:137,0
DA:138,0
DA:139,0
DA:140,0
DA:141,0
LF:50
LH:41
end_of_record
SF:lib/components/skeleton.dart
DA:16,1
DA:30,0
DA:77,1
DA:78,1
DA:79,1
DA:83,1
DA:85,1
DA:86,1
DA:88,2
DA:89,1
DA:90,2
DA:91,1
DA:93,1
DA:94,1
DA:95,1
DA:96,1
DA:98,1
DA:99,2
DA:100,1
DA:101,1
DA:102,1
DA:105,1
DA:109,1
DA:110,1
DA:111,1
DA:119,1
DA:120,1
DA:121,2
DA:122,1
DA:123,2
DA:124,1
DA:127,1
DA:128,1
DA:129,1
DA:136,1
DA:137,1
DA:138,1
DA:140,1
DA:145,1
DA:146,1
DA:147,3
DA:148,1
DA:150,1
DA:151,1
DA:152,1
DA:153,1
DA:157,2
DA:158,1
DA:159,1
DA:167,1
DA:168,5
DA:172,1
DA:173,6
DA:176,0
DA:179,1
DA:180,1
DA:181,3
DA:182,1
DA:183,1
DA:185,1
DA:186,1
DA:187,1
DA:188,1
DA:191,1
DA:192,1
DA:197,4
DA:203,0
DA:205,0
DA:206,0
DA:207,0
DA:209,0
DA:211,0
DA:213,0
DA:215,0
DA:217,0
DA:218,0
DA:220,0
DA:222,0
DA:223,0
DA:225,0
DA:230,1
DA:234,1
DA:240,1
DA:241,1
DA:249,1
DA:251,4
DA:252,3
DA:253,1
DA:254,1
DA:257,1
DA:258,1
DA:261,2
DA:262,1
DA:265,2
DA:266,1
DA:269,1
DA:271,2
DA:272,1
DA:275,1
DA:277,1
DA:278,1
DA:279,1
DA:280,1
DA:281,2
DA:285,2
DA:291,25
LF:106
LH:90
end_of_record
SF:lib/styles/components/skeleton_theme.dart
DA:11,0
DA:15,0
DA:17,0
DA:22,0
DA:23,0
DA:24,0
DA:26,0
DA:35,0
DA:37,0
DA:38,0
DA:41,0
DA:43,0
DA:45,0
DA:47,0
DA:50,0
DA:52,0
DA:53,0
DA:58,22
DA:67,22
DA:68,22
DA:70,22
DA:71,22
DA:72,22
DA:79,22
DA:97,0
DA:106,0
DA:107,0
DA:108,0
DA:109,0
DA:110,0
DA:111,0
DA:113,0
DA:114,0
DA:118,0
DA:122,0
DA:123,0
DA:124,0
DA:125,0
DA:126,0
DA:127,0
DA:128,0
DA:129,0
DA:133,0
DA:135,0
DA:136,0
DA:138,0
DA:139,0
DA:140,0
DA:141,0
DA:143,0
DA:149,0
DA:151,0
DA:152,0
DA:153,0
DA:154,0
DA:155,0
DA:156,0
DA:157,0
DA:158,0
DA:161,0
DA:164,0
DA:169,0
DA:172,0
DA:173,0
DA:174,0
DA:175,0
DA:176,0
DA:177,0
DA:178,0
DA:179,0
DA:182,0
DA:184,0
DA:186,0
DA:187,0
DA:189,0
DA:191,0
DA:193,0
DA:195,0
DA:196,0
DA:198,0
DA:199,0
DA:201,0
LF:82
LH:7
end_of_record
SF:lib/components/step.dart
DA:10,0
DA:16,0
DA:35,0
DA:36,0
DA:40,0
DA:42,0
DA:43,0
DA:48,0
DA:52,0
DA:53,0
DA:55,0
DA:56,0
DA:58,0
DA:59,0
DA:60,0
DA:65,0
DA:67,0
DA:68,0
DA:69,0
DA:71,0
DA:75,0
DA:78,0
DA:80,0
DA:82,0
DA:84,0
DA:85,0
DA:86,0
DA:87,0
DA:93,0
DA:95,0
DA:96,0
DA:98,0
DA:105,0
DA:106,0
DA:108,0
DA:109,0
DA:110,0
DA:111,0
DA:112,0
DA:113,0
DA:114,0
DA:116,0
DA:120,0
DA:123,0
DA:127,0
DA:128,0
DA:129,0
DA:130,0
DA:135,0
DA:137,0
DA:138,0
DA:139,0
DA:140,0
DA:141,0
DA:143,0
DA:148,0
DA:157,0
DA:158,0
DA:159,0
DA:160,0
DA:163,0
DA:164,0
DA:168,0
DA:169,0
DA:170,0
DA:171,0
DA:176,0
DA:177,0
DA:178,0
DA:179,0
DA:180,0
DA:181,0
DA:184,0
DA:185,0
DA:186,0
DA:188,0
DA:192,0
DA:193,0
DA:194,0
DA:195,0
DA:199,0
DA:203,0
DA:204,0
DA:205,0
DA:206,0
DA:207,0
DA:208,0
DA:215,0
DA:218,0
DA:220,0
DA:221,0
DA:228,0
DA:229,0
DA:236,0
DA:237,0
DA:238,0
DA:239,0
DA:240,0
DA:242,0
DA:243,0
DA:246,0
DA:251,0
DA:253,0
DA:255,0
DA:256,0
DA:258,0
DA:259,0
DA:261,0
DA:264,25
LF:109
LH:1
end_of_record
SF:lib/components/stepper.dart
DA:21,0
DA:50,0
DA:135,0
DA:136,0
DA:147,0
DA:149,0
DA:150,0
DA:151,0
DA:153,0
DA:154,0
DA:155,0
DA:156,0
DA:157,0
DA:158,0
DA:159,0
DA:160,0
DA:161,0
DA:164,0
DA:165,0
DA:166,0
DA:167,0
DA:168,0
DA:172,0
DA:175,0
DA:177,0
DA:178,0
DA:179,0
DA:182,0
DA:184,0
DA:185,0
DA:186,0
DA:187,0
DA:188,0
DA:190,0
DA:191,0
DA:192,0
DA:195,0
DA:198,0
DA:200,0
DA:202,0
DA:203,0
DA:204,0
DA:205,0
DA:206,0
DA:208,0
DA:209,0
DA:210,0
DA:212,0
DA:213,0
DA:214,0
DA:215,0
DA:217,0
DA:218,0
DA:219,0
DA:220,0
DA:221,0
DA:223,0
DA:224,0
DA:225,0
DA:227,0
DA:228,0
DA:229,0
DA:230,0
DA:236,0
DA:237,0
DA:241,0
DA:245,0
DA:247,0
DA:248,0
DA:249,0
DA:252,0
DA:253,0
DA:256,0
DA:257,0
DA:258,0
DA:259,0
DA:260,0
DA:262,0
DA:263,0
DA:264,0
DA:265,0
DA:266,0
DA:276,0
DA:285,0
DA:286,0
DA:290,0
DA:291,0
DA:292,0
DA:293,0
DA:295,0
DA:296,0
DA:301,0
DA:302,0
DA:303,0
DA:311,0
DA:312,0
DA:313,0
DA:314,0
DA:315,0
DA:318,0
DA:319,0
DA:320,0
DA:321,0
DA:322,0
DA:325,0
DA:326,0
DA:327,0
DA:328,0
DA:332,0
DA:333,0
DA:334,0
DA:336,0
DA:339,0
DA:343,0
DA:344,0
DA:345,0
DA:346,0
DA:347,0
DA:353,0
DA:355,0
DA:357,0
DA:358,0
DA:359,0
DA:360,0
DA:361,0
DA:362,0
DA:363,0
DA:366,0
DA:367,0
DA:368,0
DA:376,0
DA:377,0
DA:379,0
DA:380,0
DA:381,0
DA:382,0
DA:384,0
DA:385,0
DA:386,0
DA:387,0
DA:389,0
DA:392,0
DA:393,0
DA:394,0
DA:395,0
DA:399,0
DA:400,0
DA:401,0
DA:402,0
DA:403,0
DA:407,0
DA:408,0
DA:409,0
DA:413,0
DA:415,0
DA:417,0
DA:418,0
DA:420,0
DA:424,0
DA:425,0
DA:426,0
DA:428,0
DA:430,0
DA:432,0
DA:433,0
DA:436,0
DA:437,0
DA:439,0
DA:441,0
DA:442,0
DA:445,0
DA:446,0
DA:448,0
DA:449,0
DA:450,0
DA:453,0
DA:455,0
DA:457,0
DA:460,0
DA:464,25
DA:470,0
DA:480,0
DA:482,0
DA:490,0
DA:505,0
DA:513,0
DA:537,0
DA:538,0
DA:544,0
DA:546,0
DA:547,0
DA:548,0
DA:549,0
DA:552,0
DA:553,0
DA:554,0
DA:555,0
DA:557,0
DA:558,0
DA:560,0
DA:561,0
DA:563,0
DA:564,0
DA:566,0
DA:567,0
DA:569,0
DA:570,0
DA:572,0
DA:573,0
DA:574,0
DA:575,0
DA:576,0
DA:578,0
DA:579,0
DA:580,0
DA:581,0
DA:582,0
DA:584,0
DA:585,0
DA:586,0
DA:587,0
DA:596,0
DA:598,0
DA:599,0
DA:600,0
DA:604,0
DA:612,0
DA:613,0
DA:614,0
DA:623,0
DA:624,0
DA:625,0
DA:630,0
DA:634,0
DA:640,0
DA:641,0
DA:642,0
DA:646,0
DA:652,0
DA:655,25
DA:661,0
LF:241
LH:2
end_of_record
SF:lib/components/steps.dart
DA:11,0
DA:25,0
DA:67,0
DA:69,0
DA:71,0
DA:72,0
DA:73,0
DA:74,0
DA:76,0
DA:82,0
DA:85,0
DA:86,0
DA:87,0
DA:89,0
DA:93,0
DA:96,0
DA:101,0
DA:103,0
DA:105,0
DA:111,0
DA:112,0
DA:113,0
DA:117,0
DA:119,0
DA:120,0
DA:122,0
DA:123,0
DA:125,0
DA:126,0
DA:128,0
DA:129,0
DA:131,0
DA:133,0
DA:134,0
DA:136,0
DA:141,0
DA:145,0
DA:149,0
DA:150,0
DA:153,0
DA:155,0
LF:41
LH:0
end_of_record
SF:lib/components/submit_bar.dart
DA:16,2
DA:38,1
DA:39,1
DA:105,1
DA:108,2
DA:110,1
DA:111,1
DA:112,1
DA:113,1
DA:114,1
DA:116,1
DA:117,1
DA:118,1
DA:119,1
DA:120,1
DA:121,1
DA:123,1
DA:124,1
DA:125,1
DA:126,1
DA:129,1
DA:130,1
DA:131,1
DA:132,1
DA:133,1
DA:137,1
DA:143,1
DA:144,3
DA:145,1
DA:147,1
DA:148,1
DA:149,1
DA:150,1
DA:151,1
DA:152,1
DA:153,1
DA:155,1
DA:156,1
DA:157,1
DA:158,2
DA:159,0
DA:161,0
DA:162,0
DA:163,0
DA:165,0
DA:166,0
DA:167,0
DA:168,0
DA:169,0
DA:173,2
DA:174,1
DA:175,1
DA:183,1
DA:184,1
DA:185,1
DA:188,1
DA:189,1
DA:190,1
DA:191,1
DA:193,1
DA:194,1
DA:195,1
DA:198,1
DA:199,1
DA:200,1
DA:201,2
DA:204,1
DA:205,1
DA:206,2
DA:213,1
DA:214,1
DA:216,5
DA:217,4
DA:219,1
DA:220,1
DA:221,2
DA:222,1
DA:223,1
DA:225,5
DA:226,2
DA:227,1
DA:228,1
DA:229,1
DA:230,1
DA:232,1
DA:234,1
DA:235,2
DA:236,1
DA:237,1
DA:238,1
DA:239,1
DA:240,1
DA:243,1
DA:246,2
DA:249,1
DA:256,0
DA:258,0
DA:259,0
DA:261,0
DA:262,0
DA:263,0
DA:265,0
DA:266,0
DA:268,0
DA:269,0
DA:270,0
DA:271,0
DA:272,0
DA:273,0
DA:274,0
DA:275,0
DA:276,0
DA:277,0
DA:278,0
DA:279,0
DA:282,0
LF:116
LH:86
end_of_record
SF:lib/styles/components/submit_bar_theme.dart
DA:11,0
DA:15,0
DA:17,0
DA:22,0
DA:23,0
DA:24,0
DA:26,0
DA:35,0
DA:37,0
DA:38,0
DA:41,0
DA:43,0
DA:45,0
DA:47,0
DA:50,0
DA:52,0
DA:53,0
DA:58,22
DA:78,22
DA:79,22
DA:81,22
DA:83,22
DA:84,22
DA:86,22
DA:88,22
DA:89,22
DA:90,22
DA:92,22
DA:96,22
DA:97,22
DA:99,22
DA:101,22
DA:103,22
DA:108,22
DA:148,0
DA:168,0
DA:169,0
DA:170,0
DA:171,0
DA:172,0
DA:173,0
DA:174,0
DA:175,0
DA:176,0
DA:177,0
DA:178,0
DA:179,0
DA:180,0
DA:181,0
DA:182,0
DA:183,0
DA:184,0
DA:185,0
DA:186,0
DA:190,0
DA:194,0
DA:195,0
DA:196,0
DA:197,0
DA:198,0
DA:199,0
DA:200,0
DA:201,0
DA:202,0
DA:203,0
DA:204,0
DA:205,0
DA:206,0
DA:207,0
DA:208,0
DA:209,0
DA:210,0
DA:211,0
DA:212,0
DA:216,0
DA:218,0
DA:219,0
DA:220,0
DA:221,0
DA:222,0
DA:223,0
DA:224,0
DA:225,0
DA:226,0
DA:227,0
DA:228,0
DA:229,0
DA:230,0
DA:232,0
DA:233,0
DA:234,0
DA:235,0
DA:237,0
DA:238,0
DA:242,0
DA:244,0
DA:245,0
DA:246,0
DA:247,0
DA:248,0
DA:249,0
DA:250,0
DA:251,0
DA:252,0
DA:253,0
DA:254,0
DA:255,0
DA:256,0
DA:257,0
DA:258,0
DA:259,0
DA:260,0
DA:261,0
DA:262,0
DA:265,0
DA:268,0
DA:273,0
DA:276,0
DA:277,0
DA:278,0
DA:279,0
DA:280,0
DA:281,0
DA:282,0
DA:283,0
DA:284,0
DA:285,0
DA:286,0
DA:287,0
DA:288,0
DA:289,0
DA:290,0
DA:291,0
DA:292,0
DA:293,0
DA:294,0
DA:297,0
DA:300,0
DA:301,0
DA:302,0
DA:304,0
DA:306,0
DA:308,0
DA:310,0
DA:311,0
DA:313,0
DA:314,0
DA:315,0
DA:317,0
DA:319,0
DA:321,0
DA:323,0
DA:324,0
DA:325,0
DA:326,0
DA:328,0
DA:330,0
DA:332,0
DA:334,0
DA:335,0
DA:337,0
DA:338,0
DA:340,0
LF:163
LH:17
end_of_record
SF:lib/components/swipe_cell.dart
DA:6,0
DA:8,0
DA:16,0
DA:18,0
DA:23,0
DA:25,0
LF:6
LH:0
end_of_record
SF:lib/components/switch.dart
DA:14,0
DA:28,0
DA:60,0
DA:61,0
DA:72,0
DA:74,0
DA:75,0
DA:78,0
DA:80,0
DA:81,0
DA:82,0
DA:83,0
DA:85,0
DA:86,0
DA:90,0
DA:92,0
DA:93,0
DA:94,0
DA:97,0
DA:99,0
DA:100,0
DA:101,0
DA:102,0
DA:105,0
DA:107,0
DA:108,0
DA:111,0
DA:113,0
DA:115,0
DA:117,0
DA:118,0
DA:119,0
DA:120,0
DA:123,0
DA:125,0
DA:128,0
DA:129,0
DA:130,0
DA:131,0
DA:132,0
DA:134,0
DA:135,0
DA:138,0
DA:139,0
DA:140,0
DA:143,0
DA:144,0
DA:152,0
DA:153,0
DA:154,0
DA:155,0
DA:156,0
DA:161,0
DA:163,0
DA:167,0
DA:168,0
DA:169,0
DA:170,0
DA:171,0
DA:172,0
DA:174,0
DA:175,0
DA:176,0
DA:181,0
DA:183,0
DA:184,0
DA:186,0
DA:188,0
DA:191,0
DA:197,0
DA:199,0
DA:201,0
DA:203,0
DA:205,0
DA:206,0
DA:207,0
DA:209,0
DA:210,0
DA:212,0
DA:213,0
DA:215,0
DA:216,0
DA:218,0
LF:83
LH:0
end_of_record
SF:lib/mixins/link_field_mixins.dart
DA:9,0
DA:10,0
DA:13,0
DA:14,0
DA:15,0
DA:16,0
DA:17,0
DA:18,0
LF:8
LH:0
end_of_record
SF:lib/components/tabbar.dart
DA:13,2
DA:23,1
DA:53,1
DA:55,2
DA:56,1
DA:58,1
DA:59,1
DA:60,1
DA:62,1
DA:64,1
DA:65,1
DA:70,1
DA:71,1
DA:76,1
DA:77,2
DA:79,1
DA:80,0
DA:83,1
DA:84,2
DA:89,0
DA:91,0
DA:92,0
DA:93,0
DA:94,0
DA:95,0
DA:97,0
DA:98,0
DA:99,0
DA:101,0
DA:106,1
DA:110,1
DA:114,1
DA:115,1
DA:118,1
DA:120,3
LF:35
LH:24
end_of_record
SF:lib/styles/components/tabbar_theme.dart
DA:11,0
DA:15,0
DA:17,0
DA:22,0
DA:23,0
DA:24,0
DA:26,0
DA:35,0
DA:37,0
DA:38,0
DA:41,0
DA:42,0
DA:44,0
DA:46,0
DA:49,0
DA:51,0
DA:52,0
DA:57,22
DA:69,22
DA:70,22
DA:72,22
DA:77,22
DA:78,22
DA:82,22
DA:104,0
DA:115,0
DA:116,0
DA:117,0
DA:118,0
DA:119,0
DA:120,0
DA:122,0
DA:123,0
DA:124,0
DA:125,0
DA:129,0
DA:133,0
DA:134,0
DA:135,0
DA:136,0
DA:137,0
DA:138,0
DA:139,0
DA:140,0
DA:141,0
DA:142,0
DA:146,0
DA:148,0
DA:149,0
DA:150,0
DA:151,0
DA:152,0
DA:153,0
DA:154,0
DA:155,0
DA:156,0
DA:157,0
DA:158,0
DA:162,0
DA:164,0
DA:165,0
DA:166,0
DA:167,0
DA:168,0
DA:169,0
DA:170,0
DA:171,0
DA:172,0
DA:173,0
DA:176,0
DA:179,0
DA:184,0
DA:187,0
DA:188,0
DA:189,0
DA:190,0
DA:191,0
DA:192,0
DA:193,0
DA:194,0
DA:195,0
DA:196,0
DA:199,0
DA:202,0
DA:203,0
DA:204,0
DA:206,0
DA:208,0
DA:210,0
DA:211,0
DA:213,0
DA:214,0
DA:216,0
DA:218,0
DA:220,0
DA:221,0
DA:223,0
LF:97
LH:7
end_of_record
SF:lib/components/tabbar_item.dart
DA:19,1
DA:29,1
DA:59,1
DA:61,2
DA:62,2
DA:68,4
DA:70,4
DA:73,2
DA:74,2
DA:77,1
DA:78,0
DA:80,2
DA:81,0
DA:82,0
DA:83,0
DA:87,1
DA:88,1
DA:90,1
DA:92,1
DA:93,1
DA:94,2
DA:99,1
DA:100,1
DA:101,1
DA:102,3
DA:103,1
DA:104,0
DA:107,1
DA:108,1
DA:110,1
DA:111,1
DA:113,1
DA:114,1
DA:119,1
DA:122,1
DA:123,2
DA:124,1
DA:125,1
DA:126,1
DA:129,2
DA:130,3
DA:139,0
DA:141,0
DA:142,0
DA:143,0
DA:144,0
DA:145,0
DA:146,0
LF:48
LH:36
end_of_record
SF:lib/styles/components/tag_theme.dart
DA:14,0
DA:18,0
DA:20,0
DA:25,0
DA:26,0
DA:27,0
DA:29,0
DA:38,0
DA:40,0
DA:41,0
DA:44,0
DA:45,0
DA:47,0
DA:49,0
DA:52,0
DA:54,0
DA:55,0
DA:60,22
DA:78,22
DA:79,22
DA:81,22
DA:82,22
DA:85,22
DA:86,44
DA:88,44
DA:90,22
DA:91,22
DA:92,22
DA:93,22
DA:94,22
DA:95,22
DA:105,22
DA:141,0
DA:159,0
DA:160,0
DA:161,0
DA:162,0
DA:163,0
DA:164,0
DA:165,0
DA:166,0
DA:167,0
DA:168,0
DA:169,0
DA:170,0
DA:171,0
DA:172,0
DA:173,0
DA:174,0
DA:175,0
DA:179,0
DA:183,0
DA:184,0
DA:185,0
DA:186,0
DA:187,0
DA:188,0
DA:189,0
DA:190,0
DA:191,0
DA:192,0
DA:193,0
DA:194,0
DA:195,0
DA:196,0
DA:197,0
DA:198,0
DA:199,0
DA:203,0
DA:205,0
DA:206,0
DA:207,0
DA:208,0
DA:209,0
DA:210,0
DA:211,0
DA:212,0
DA:214,0
DA:215,0
DA:217,0
DA:218,0
DA:219,0
DA:220,0
DA:221,0
DA:222,0
DA:224,0
DA:228,0
DA:230,0
DA:231,0
DA:232,0
DA:233,0
DA:234,0
DA:235,0
DA:236,0
DA:237,0
DA:238,0
DA:239,0
DA:240,0
DA:241,0
DA:242,0
DA:243,0
DA:244,0
DA:245,0
DA:246,0
DA:249,0
DA:252,0
DA:257,0
DA:260,0
DA:261,0
DA:262,0
DA:263,0
DA:264,0
DA:265,0
DA:266,0
DA:267,0
DA:268,0
DA:269,0
DA:270,0
DA:271,0
DA:272,0
DA:273,0
DA:274,0
DA:275,0
DA:276,0
DA:279,0
DA:281,0
DA:283,0
DA:284,0
DA:285,0
DA:286,0
DA:287,0
DA:289,0
DA:291,0
DA:292,0
DA:294,0
DA:296,0
DA:297,0
DA:299,0
DA:301,0
DA:302,0
DA:304,0
DA:306,0
DA:308,0
DA:310,0
DA:312,0
DA:314,0
DA:315,0
DA:317,0
LF:148
LH:15
end_of_record
SF:lib/components/time_picker.dart
DA:15,0
DA:46,0
DA:140,0
DA:141,0
DA:149,0
DA:151,0
DA:153,0
DA:154,0
DA:155,0
DA:156,0
DA:157,0
DA:158,0
DA:160,0
DA:163,0
DA:165,0
DA:166,0
DA:169,0
DA:171,0
DA:172,0
DA:173,0
DA:174,0
DA:176,0
DA:177,0
DA:178,0
DA:179,0
DA:180,0
DA:181,0
DA:184,0
DA:185,0
DA:186,0
DA:187,0
DA:188,0
DA:192,0
DA:195,0
DA:197,0
DA:198,0
DA:199,0
DA:200,0
DA:201,0
DA:202,0
DA:203,0
DA:204,0
DA:205,0
DA:206,0
DA:207,0
DA:209,0
DA:210,0
DA:212,0
DA:213,0
DA:215,0
DA:216,0
DA:217,0
DA:218,0
DA:219,0
DA:220,0
DA:221,0
DA:222,0
DA:226,0
DA:227,0
DA:230,0
DA:231,0
DA:232,0
DA:233,0
DA:234,0
DA:238,0
DA:242,0
DA:243,0
DA:244,0
DA:245,0
DA:246,0
DA:247,0
DA:248,0
DA:250,0
DA:251,0
DA:253,0
DA:254,0
DA:257,0
DA:258,0
DA:259,0
DA:263,0
DA:264,0
DA:265,0
DA:269,0
DA:270,0
DA:271,0
DA:272,0
DA:276,0
DA:277,0
DA:278,0
DA:280,0
DA:281,0
DA:282,0
DA:284,0
DA:285,0
DA:286,0
DA:287,0
DA:290,0
DA:291,0
DA:292,0
DA:294,0
DA:296,0
DA:298,0
DA:303,0
DA:304,0
DA:305,0
DA:306,0
DA:307,0
DA:308,0
DA:309,0
DA:310,0
DA:311,0
DA:312,0
DA:314,0
DA:322,0
DA:323,0
DA:324,0
DA:325,0
DA:326,0
DA:327,0
DA:329,0
DA:332,0
DA:334,0
DA:335,0
DA:336,0
DA:338,0
DA:342,0
DA:343,0
DA:345,0
DA:346,0
DA:348,0
DA:350,0
DA:352,0
DA:353,0
DA:356,0
DA:358,0
DA:359,0
DA:360,0
DA:361,0
DA:363,0
DA:365,0
DA:366,0
DA:367,0
DA:368,0
DA:369,0
DA:370,0
DA:372,0
DA:375,0
LF:147
LH:0
end_of_record
SF:lib/components/toast.dart
DA:13,0
DA:31,0
DA:32,0
DA:33,0
DA:52,0
DA:53,0
DA:54,0
DA:59,0
DA:76,0
DA:77,0
DA:78,0
DA:129,0
DA:131,0
DA:133,0
DA:135,0
DA:141,0
DA:142,0
DA:143,0
DA:150,0
DA:151,0
DA:152,0
DA:153,0
DA:155,0
DA:156,0
DA:157,0
DA:164,0
DA:169,0
DA:170,0
DA:171,0
DA:174,0
DA:184,0
DA:185,0
DA:186,0
DA:188,0
DA:190,0
DA:195,0
DA:196,0
DA:197,0
DA:198,0
DA:199,0
DA:202,0
DA:203,0
DA:207,0
DA:211,0
DA:213,0
DA:215,0
DA:219,0
DA:220,0
DA:222,0
DA:223,0
DA:231,0
DA:232,0
DA:233,0
DA:240,25
DA:247,25
LF:55
LH:2
end_of_record
SF:lib/components/tree-select.dart
DA:19,2
DA:34,1
DA:35,1
DA:79,1
DA:82,2
DA:84,1
DA:85,2
DA:86,1
DA:87,1
DA:88,1
DA:90,1
DA:92,1
DA:93,1
DA:95,1
DA:97,1
DA:99,1
DA:100,1
DA:101,1
DA:110,1
DA:111,1
DA:112,2
DA:115,1
DA:116,2
DA:120,1
DA:122,3
DA:123,1
DA:124,1
DA:125,1
DA:126,1
DA:127,1
DA:128,1
DA:130,1
DA:131,1
DA:132,1
DA:133,1
DA:135,1
DA:139,1
DA:140,1
DA:141,1
DA:144,5
DA:146,1
DA:147,3
DA:148,1
DA:149,1
DA:154,1
DA:155,2
DA:156,2
DA:157,2
DA:158,1
DA:159,5
DA:160,2
DA:163,2
DA:166,1
DA:167,2
DA:169,1
DA:170,0
DA:174,2
DA:176,1
DA:178,1
DA:179,1
DA:180,1
DA:181,1
DA:183,1
DA:184,1
DA:185,1
DA:186,1
DA:187,1
DA:192,1
DA:193,1
DA:194,1
DA:198,1
DA:199,1
DA:201,1
DA:204,1
DA:205,1
DA:208,1
DA:209,1
DA:216,1
DA:218,1
DA:219,2
DA:220,1
DA:221,1
DA:222,1
DA:235,1
DA:240,3
DA:242,0
DA:244,0
DA:245,0
DA:247,0
DA:248,0
DA:249,0
DA:251,0
DA:252,0
DA:255,0
DA:256,0
DA:259,0
DA:264,1
DA:270,1
DA:271,1
DA:272,2
DA:273,2
DA:274,2
DA:284,1
DA:292,0
DA:293,0
DA:294,0
DA:295,0
DA:296,0
DA:297,0
DA:298,0
DA:299,0
DA:300,0
DA:301,0
DA:302,0
DA:303,0
LF:115
LH:91
end_of_record
SF:lib/styles/components/tree_select_theme.dart
DA:11,0
DA:15,0
DA:17,0
DA:22,0
DA:23,0
DA:24,0
DA:26,0
DA:35,0
DA:37,0
DA:38,0
DA:41,0
DA:43,0
DA:45,0
DA:47,0
DA:50,0
DA:52,0
DA:53,0
DA:58,22
DA:68,22
DA:69,22
DA:73,22
DA:74,44
DA:75,22
DA:78,22
DA:82,22
DA:102,0
DA:112,0
DA:113,0
DA:114,0
DA:116,0
DA:117,0
DA:118,0
DA:119,0
DA:120,0
DA:121,0
DA:125,0
DA:129,0
DA:130,0
DA:131,0
DA:132,0
DA:133,0
DA:134,0
DA:135,0
DA:136,0
DA:137,0
DA:141,0
DA:143,0
DA:144,0
DA:146,0
DA:148,0
DA:149,0
DA:150,0
DA:151,0
DA:153,0
DA:154,0
DA:158,0
DA:160,0
DA:161,0
DA:162,0
DA:163,0
DA:164,0
DA:165,0
DA:166,0
DA:167,0
DA:168,0
DA:171,0
DA:174,0
DA:179,0
DA:182,0
DA:183,0
DA:184,0
DA:185,0
DA:186,0
DA:187,0
DA:188,0
DA:189,0
DA:190,0
DA:193,0
DA:195,0
DA:196,0
DA:197,0
DA:198,0
DA:200,0
DA:201,0
DA:203,0
DA:204,0
DA:206,0
DA:208,0
DA:209,0
DA:211,0
DA:212,0
DA:214,0
DA:215,0
DA:217,0
LF:94
LH:8
end_of_record
SF:lib/locale/intl/messages_all.dart
DA:22,6
DA:23,4
DA:24,0
DA:27,2
DA:29,2
DA:30,2
DA:31,0
DA:32,0
DA:39,2
DA:40,2
DA:41,6
DA:42,0
DA:44,0
DA:46,4
DA:47,4
DA:48,6
DA:49,4
DA:50,2
DA:53,2
DA:55,2
DA:61,2
DA:63,2
DA:65,2
LF:23
LH:18
end_of_record
SF:lib/locale/intl/messages_en.dart
DA:15,6
DA:20,0
DA:22,0
DA:24,0
DA:26,0
DA:28,0
DA:30,0
DA:33,4
DA:35,2
DA:37,2
DA:39,2
DA:40,2
DA:41,2
DA:44,2
DA:46,2
DA:48,2
DA:49,2
DA:51,2
DA:53,2
DA:55,2
DA:56,2
DA:59,2
DA:60,2
DA:61,2
DA:62,2
DA:63,2
DA:64,2
DA:65,2
DA:66,2
DA:67,2
DA:68,2
DA:69,2
DA:71,2
DA:73,2
DA:75,2
DA:76,2
DA:77,2
DA:79,2
DA:80,2
DA:81,2
DA:82,2
DA:84,2
DA:87,2
DA:88,2
DA:89,2
DA:91,2
DA:93,2
DA:94,2
DA:95,2
DA:96,2
DA:97,2
DA:98,2
DA:100,2
DA:101,2
DA:102,2
DA:104,2
DA:105,2
DA:106,2
DA:107,2
DA:109,2
DA:111,2
LF:61
LH:55
end_of_record
SF:lib/locale/intl/messages_zh.dart
DA:15,0
DA:20,0
DA:22,0
DA:24,0
DA:26,0
DA:28,0
DA:30,0
DA:33,0
DA:34,0
DA:36,0
DA:37,0
DA:38,0
DA:41,0
DA:42,0
DA:43,0
DA:44,0
DA:45,0
DA:46,0
DA:47,0
DA:48,0
DA:49,0
DA:50,0
DA:51,0
DA:52,0
DA:53,0
DA:55,0
DA:56,0
DA:57,0
DA:58,0
DA:59,0
DA:60,0
DA:61,0
DA:63,0
DA:66,0
DA:67,0
DA:68,0
DA:70,0
DA:72,0
DA:73,0
DA:74,0
DA:75,0
DA:76,0
DA:77,0
DA:78,0
DA:79,0
DA:80,0
DA:81,0
DA:82,0
DA:83,0
DA:84,0
DA:85,0
DA:86,0
LF:52
LH:0
end_of_record
